#
# There is insufficient memory for the Java Runtime Environment to continue.
# Native memory allocation (mmap) failed to map 333447168 bytes for G1 virtual space
# Possible reasons:
#   The system is out of physical RAM or swap space
#   The process is running with CompressedOops enabled, and the Java Heap may be blocking the growth of the native heap
# Possible solutions:
#   Reduce memory load on the system
#   Increase physical memory or swap space
#   Check if swap backing store is full
#   Decrease Java heap size (-Xmx/-Xms)
#   Decrease number of Java threads
#   Decrease Java thread stack sizes (-Xss)
#   Set larger code cache with -XX:ReservedCodeCacheSize=
#   JVM is running with Unscaled Compressed Oops mode in which the Java heap is
#     placed in the first 4GB address space. The Java Heap base address is the
#     maximum limit for the native heap growth. Please use -XX:HeapBaseMinAddress
#     to set the Java Heap base and to place the Java Heap above 4GB virtual address.
# This output file may be truncated or incomplete.
#
#  Out of Memory Error (os_windows.cpp:3769), pid=25640, tid=21268
#
# JRE version: OpenJDK Runtime Environment (17.0.6) (build 17.0.6+0-b2043.56-9586694)
# Java VM: OpenJDK 64-Bit Server VM (17.0.6+0-b2043.56-9586694, mixed mode, tiered, compressed oops, compressed class ptrs, g1 gc, windows-amd64)
# No core dump will be written. Minidumps are not enabled by default on client versions of Windows
#

---------------  S U M M A R Y ------------

Command Line: --add-opens=java.base/java.util=ALL-UNNAMED --add-opens=java.base/java.lang=ALL-UNNAMED --add-opens=java.base/java.lang.invoke=ALL-UNNAMED --add-opens=java.prefs/java.util.prefs=ALL-UNNAMED --add-opens=java.base/java.nio.charset=ALL-UNNAMED --add-opens=java.base/java.net=ALL-UNNAMED --add-opens=java.base/java.util.concurrent.atomic=ALL-UNNAMED -Xmx2048m -Dfile.encoding=UTF-8 -Duser.country=BR -Duser.language=pt -Duser.variant org.gradle.launcher.daemon.bootstrap.GradleDaemon 8.0

Host: Intel(R) Core(TM) i5-1035G1 CPU @ 1.00GHz, 8 cores, 7G,  Windows 11 , 64 bit Build 22621 (10.0.22621.1635)
Time: Tue Jun 13 21:25:34 2023 Hora oficial do Brasil elapsed time: 50.979324 seconds (0d 0h 0m 50s)

---------------  T H R E A D  ---------------

Current thread (0x000002005dfaa930):  VMThread "VM Thread" [stack: 0x000000184f500000,0x000000184f600000] [id=21268]

Stack: [0x000000184f500000,0x000000184f600000]
Native frames: (J=compiled Java code, j=interpreted, Vv=VM code, C=native code)
V  [jvm.dll+0x683b4a]
V  [jvm.dll+0x842654]
V  [jvm.dll+0x843dfe]
V  [jvm.dll+0x844463]
V  [jvm.dll+0x249b75]
V  [jvm.dll+0x680a19]
V  [jvm.dll+0x674f0a]
V  [jvm.dll+0x309acb]
V  [jvm.dll+0x310f86]
V  [jvm.dll+0x3608ee]
V  [jvm.dll+0x360b1f]
V  [jvm.dll+0x2dfbf8]
V  [jvm.dll+0x2ddec4]
V  [jvm.dll+0x2dd4cc]
V  [jvm.dll+0x322261]
V  [jvm.dll+0x84893b]
V  [jvm.dll+0x849674]
V  [jvm.dll+0x849b8d]
V  [jvm.dll+0x849f64]
V  [jvm.dll+0x84a030]
V  [jvm.dll+0x7f25fa]
V  [jvm.dll+0x682985]
C  [ucrtbase.dll+0x29363]
C  [KERNEL32.DLL+0x126ad]
C  [ntdll.dll+0x5a9f8]

VM_Operation (0x0000001850ef3090): G1TryInitiateConcMark, mode: safepoint, requested by thread 0x000002005fd2e7d0


---------------  P R O C E S S  ---------------

Threads class SMR info:
_java_thread_list=0x0000020064aae120, length=127, elements={
0x0000020042177c40, 0x000002005e813260, 0x000002005e813e10, 0x000002005e83ed20,
0x000002005e8415f0, 0x000002005e8440b0, 0x000002005e844a60, 0x000002005e845740,
0x000002005e834740, 0x000002005e837050, 0x000002005e9a5200, 0x000002005e9c2000,
0x000002005f769890, 0x000002005f768ef0, 0x000002005f768a20, 0x000002005f768080,
0x000002005fd2e7d0, 0x000002005fd29fa0, 0x000002005fd2d490, 0x000002005fd30980,
0x000002005fd2ffe0, 0x000002005fd2eca0, 0x000002005fd2d960, 0x000002005fd2f640,
0x000002005fd2ae10, 0x000002005fd30e50, 0x000002005fd2c620, 0x000002005fd2cfc0,
0x0000020064a3a7d0, 0x0000020062a97c60, 0x0000020062a98600, 0x0000020062a98ad0,
0x000002005fd31320, 0x000002005fa166f0, 0x0000020064a41680, 0x0000020064a39e30,
0x0000020064a40340, 0x0000020064a3fe70, 0x0000020064a40ce0, 0x00000200620f1c20,
0x0000020064a411b0, 0x0000020064a3e190, 0x0000020064a3a300, 0x0000020064a3aca0,
0x0000020064a3b170, 0x0000020064a3b640, 0x0000020064a3e660, 0x0000020064a3f4d0,
0x0000020064a3bb10, 0x0000020064a3c4b0, 0x0000020064a3c980, 0x0000020064a3ce50,
0x0000020064a3f9a0, 0x0000020064a3d320, 0x0000020064a3d7f0, 0x0000020064a3eb30,
0x0000020064a3dcc0, 0x0000020062a9c490, 0x0000020062a9b150, 0x0000020062a95f80,
0x0000020062a96450, 0x0000020062a98fa0, 0x0000020062a9a2e0, 0x0000020062a972c0,
0x0000020062a97790, 0x0000020062a9c960, 0x0000020062a96920, 0x0000020062a9bfc0,
0x0000020062a99e10, 0x0000020062a96df0, 0x0000020062a98130, 0x0000020062a9a7b0,
0x0000020062a9ce30, 0x0000020062a9b620, 0x0000020062a9baf0, 0x0000020062a9d300,
0x0000020062a95ab0, 0x000002005f654330, 0x000002005f64fb00, 0x000002005f651cb0,
0x000002005f6569b0, 0x000002005f6504a0, 0x000002005f653990, 0x000002005f652180,
0x000002005f64ffd0, 0x000002005f653e60, 0x000002005f654800, 0x000002005f656010,
0x000002005f654cd0, 0x000002005f650970, 0x000002005f6551a0, 0x000002005f650e40,
0x000002005f651310, 0x000002005f655670, 0x000002005f655b40, 0x000002005f6517e0,
0x000002005f652ff0, 0x000002005fd29ad0, 0x000002005fd2b7b0, 0x000002005fd304b0,
0x000002005fd2bc80, 0x000002005fd2c150, 0x000002005fd2e300, 0x000002005fd2caf0,
0x000002005fd2fb10, 0x000002005fa15d50, 0x000002005fa14ee0, 0x000002005fa16bc0,
0x000002005fa17a30, 0x000002005fa14540, 0x000002005fa17090, 0x000002005fa14070,
0x000002005f7693c0, 0x000002005f768550, 0x0000020065b3c870, 0x0000020065b410a0,
0x0000020065b3f3c0, 0x0000020065b3f890, 0x0000020065b3d6e0, 0x0000020065b3b530,
0x0000020065b3a6c0, 0x0000020065b3ba00, 0x0000020065b3ea20, 0x0000020065b39d20,
0x0000020065b3c3a0, 0x0000020065b3cd40, 0x0000020065b3eef0
}

Java Threads: ( => current thread )
  0x0000020042177c40 JavaThread "main" [_thread_blocked, id=18620, stack(0x000000184ef00000,0x000000184f000000)]
  0x000002005e813260 JavaThread "Reference Handler" daemon [_thread_blocked, id=9984, stack(0x000000184f600000,0x000000184f700000)]
  0x000002005e813e10 JavaThread "Finalizer" daemon [_thread_blocked, id=15152, stack(0x000000184f700000,0x000000184f800000)]
  0x000002005e83ed20 JavaThread "Signal Dispatcher" daemon [_thread_blocked, id=28532, stack(0x000000184f800000,0x000000184f900000)]
  0x000002005e8415f0 JavaThread "Attach Listener" daemon [_thread_blocked, id=7332, stack(0x000000184f900000,0x000000184fa00000)]
  0x000002005e8440b0 JavaThread "Service Thread" daemon [_thread_blocked, id=21196, stack(0x000000184fa00000,0x000000184fb00000)]
  0x000002005e844a60 JavaThread "Monitor Deflation Thread" daemon [_thread_blocked, id=24476, stack(0x000000184fb00000,0x000000184fc00000)]
  0x000002005e845740 JavaThread "C2 CompilerThread0" daemon [_thread_blocked, id=3028, stack(0x000000184fc00000,0x000000184fd00000)]
  0x000002005e834740 JavaThread "C1 CompilerThread0" daemon [_thread_blocked, id=15380, stack(0x000000184fd00000,0x000000184fe00000)]
  0x000002005e837050 JavaThread "Sweeper thread" daemon [_thread_blocked, id=22324, stack(0x000000184fe00000,0x000000184ff00000)]
  0x000002005e9a5200 JavaThread "Common-Cleaner" daemon [_thread_blocked, id=5896, stack(0x000000184ff00000,0x0000001850000000)]
  0x000002005e9c2000 JavaThread "Notification Thread" daemon [_thread_blocked, id=2528, stack(0x0000001850000000,0x0000001850100000)]
  0x000002005f769890 JavaThread "Daemon health stats" [_thread_blocked, id=7660, stack(0x0000001850800000,0x0000001850900000)]
  0x000002005f768ef0 JavaThread "Incoming local TCP Connector on port 55055" [_thread_in_native, id=12480, stack(0x0000001850900000,0x0000001850a00000)]
  0x000002005f768a20 JavaThread "Daemon periodic checks" [_thread_blocked, id=26884, stack(0x0000001850a00000,0x0000001850b00000)]
  0x000002005f768080 JavaThread "Daemon" [_thread_blocked, id=11464, stack(0x0000001850b00000,0x0000001850c00000)]
  0x000002005fd2e7d0 JavaThread "Daemon worker" [_thread_blocked, id=8452, stack(0x0000001850e00000,0x0000001850f00000)]
  0x000002005fd29fa0 JavaThread "Cache worker for journal cache (C:\Users\rosse\.gradle\caches\journal-1)" [_thread_blocked, id=2132, stack(0x0000001851600000,0x0000001851700000)]
  0x000002005fd2d490 JavaThread "File lock request listener" [_thread_in_native, id=22024, stack(0x0000001851700000,0x0000001851800000)]
  0x000002005fd30980 JavaThread "Cache worker for file hash cache (C:\Users\rosse\.gradle\caches\8.0\fileHashes)" [_thread_blocked, id=11956, stack(0x0000001851800000,0x0000001851900000)]
  0x000002005fd2ffe0 JavaThread "File watcher server" daemon [_thread_in_native, id=1280, stack(0x0000001851900000,0x0000001851a00000)]
  0x000002005fd2eca0 JavaThread "File watcher consumer" daemon [_thread_blocked, id=26412, stack(0x0000001851a00000,0x0000001851b00000)]
  0x000002005fd2d960 JavaThread "Cache worker for file content cache (C:\Users\rosse\.gradle\caches\8.0\fileContent)" [_thread_blocked, id=12812, stack(0x0000001851d00000,0x0000001851e00000)]
  0x000002005fd2f640 JavaThread "Cache worker for execution history cache (C:\Users\rosse\.gradle\caches\8.0\executionHistory)" [_thread_blocked, id=2536, stack(0x0000001852000000,0x0000001852100000)]
  0x000002005fd2ae10 JavaThread "jar transforms" [_thread_blocked, id=30160, stack(0x0000001852100000,0x0000001852200000)]
  0x000002005fd30e50 JavaThread "jar transforms Thread 2" [_thread_blocked, id=22488, stack(0x0000001852200000,0x0000001852300000)]
  0x000002005fd2c620 JavaThread "jar transforms Thread 3" [_thread_blocked, id=4164, stack(0x0000001852400000,0x0000001852500000)]
  0x000002005fd2cfc0 JavaThread "jar transforms Thread 4" [_thread_blocked, id=28552, stack(0x0000001852500000,0x0000001852600000)]
  0x0000020064a3a7d0 JavaThread "jar transforms Thread 5" [_thread_blocked, id=6428, stack(0x0000001852700000,0x0000001852800000)]
  0x0000020062a97c60 JavaThread "jar transforms Thread 6" [_thread_blocked, id=30296, stack(0x0000001857900000,0x0000001857a00000)]
  0x0000020062a98600 JavaThread "jar transforms Thread 7" [_thread_blocked, id=29972, stack(0x0000001857a00000,0x0000001857b00000)]
  0x0000020062a98ad0 JavaThread "jar transforms Thread 8" [_thread_blocked, id=19712, stack(0x0000001857b00000,0x0000001857c00000)]
  0x000002005fd31320 JavaThread "Memory manager" [_thread_blocked, id=30340, stack(0x0000001857d00000,0x0000001857e00000)]
  0x000002005fa166f0 JavaThread "included builds" [_thread_blocked, id=26712, stack(0x0000001850700000,0x0000001850800000)]
  0x0000020064a41680 JavaThread "Handler for socket connection from /127.0.0.1:55055 to /127.0.0.1:55146" [_thread_in_native, id=30136, stack(0x0000001850d00000,0x0000001850e00000)]
  0x0000020064a39e30 JavaThread "Cancel handler" [_thread_blocked, id=28924, stack(0x0000001850f00000,0x0000001851000000)]
  0x0000020064a40340 JavaThread "Asynchronous log dispatcher for DefaultDaemonConnection: socket connection from /127.0.0.1:55055 to /127.0.0.1:55146" [_thread_blocked, id=3212, stack(0x0000001851000000,0x0000001851100000)]
  0x0000020064a3fe70 JavaThread "Stdin handler" [_thread_blocked, id=15120, stack(0x0000001851100000,0x0000001851200000)]
  0x0000020064a40ce0 JavaThread "Daemon client event forwarder" [_thread_blocked, id=19900, stack(0x0000001851b00000,0x0000001851c00000)]
  0x00000200620f1c20 JavaThread "C2 CompilerThread1" daemon [_thread_blocked, id=8312, stack(0x0000001851c00000,0x0000001851d00000)]
  0x0000020064a411b0 JavaThread "Cache worker for checksums cache (C:\Inclusao_ib\.gradle\8.0\checksums)" [_thread_blocked, id=7184, stack(0x0000001851e00000,0x0000001851f00000)]
  0x0000020064a3e190 JavaThread "Cache worker for cache directory md-rule (C:\Users\rosse\.gradle\caches\8.0\md-rule)" [_thread_blocked, id=19144, stack(0x0000001851f00000,0x0000001852000000)]
  0x0000020064a3a300 JavaThread "Cache worker for file hash cache (C:\Inclusao_ib\.gradle\8.0\fileHashes)" [_thread_blocked, id=6340, stack(0x0000001852600000,0x0000001852700000)]
  0x0000020064a3aca0 JavaThread "Cache worker for cache directory md-supplier (C:\Users\rosse\.gradle\caches\8.0\md-supplier)" [_thread_blocked, id=8372, stack(0x0000001852800000,0x0000001852900000)]
  0x0000020064a3b170 JavaThread "Cache worker for dependencies-accessors (C:\Inclusao_ib\.gradle\8.0\dependencies-accessors)" [_thread_blocked, id=17716, stack(0x0000001852900000,0x0000001852a00000)]
  0x0000020064a3b640 JavaThread "Cache worker for Build Output Cleanup Cache (C:\Inclusao_ib\.gradle\buildOutputCleanup)" [_thread_blocked, id=25280, stack(0x0000001852a00000,0x0000001852b00000)]
  0x0000020064a3e660 JavaThread "Unconstrained build operations" [_thread_blocked, id=28004, stack(0x0000001852b00000,0x0000001852c00000)]
  0x0000020064a3f4d0 JavaThread "Unconstrained build operations Thread 2" [_thread_blocked, id=1184, stack(0x0000001852c00000,0x0000001852d00000)]
  0x0000020064a3bb10 JavaThread "Unconstrained build operations Thread 3" [_thread_blocked, id=14764, stack(0x0000001852d00000,0x0000001852e00000)]
  0x0000020064a3c4b0 JavaThread "Unconstrained build operations Thread 4" [_thread_blocked, id=10660, stack(0x0000001852e00000,0x0000001852f00000)]
  0x0000020064a3c980 JavaThread "Unconstrained build operations Thread 5" [_thread_blocked, id=5352, stack(0x0000001852f00000,0x0000001853000000)]
  0x0000020064a3ce50 JavaThread "Unconstrained build operations Thread 6" [_thread_blocked, id=16400, stack(0x0000001853000000,0x0000001853100000)]
  0x0000020064a3f9a0 JavaThread "Unconstrained build operations Thread 7" [_thread_blocked, id=28332, stack(0x0000001853100000,0x0000001853200000)]
  0x0000020064a3d320 JavaThread "Unconstrained build operations Thread 8" [_thread_blocked, id=16232, stack(0x0000001853200000,0x0000001853300000)]
  0x0000020064a3d7f0 JavaThread "Unconstrained build operations Thread 9" [_thread_blocked, id=30132, stack(0x0000001853300000,0x0000001853400000)]
  0x0000020064a3eb30 JavaThread "Unconstrained build operations Thread 10" [_thread_blocked, id=21256, stack(0x0000001853400000,0x0000001853500000)]
  0x0000020064a3dcc0 JavaThread "Unconstrained build operations Thread 11" [_thread_blocked, id=27276, stack(0x0000001853500000,0x0000001853600000)]
  0x0000020062a9c490 JavaThread "Unconstrained build operations Thread 12" [_thread_blocked, id=17980, stack(0x0000001853600000,0x0000001853700000)]
  0x0000020062a9b150 JavaThread "Unconstrained build operations Thread 13" [_thread_blocked, id=30320, stack(0x0000001853700000,0x0000001853800000)]
  0x0000020062a95f80 JavaThread "Unconstrained build operations Thread 14" [_thread_blocked, id=22728, stack(0x0000001853800000,0x0000001853900000)]
  0x0000020062a96450 JavaThread "Unconstrained build operations Thread 15" [_thread_blocked, id=12592, stack(0x0000001853900000,0x0000001853a00000)]
  0x0000020062a98fa0 JavaThread "Unconstrained build operations Thread 16" [_thread_blocked, id=13224, stack(0x0000001853a00000,0x0000001853b00000)]
  0x0000020062a9a2e0 JavaThread "Unconstrained build operations Thread 17" [_thread_blocked, id=2372, stack(0x0000001853b00000,0x0000001853c00000)]
  0x0000020062a972c0 JavaThread "Unconstrained build operations Thread 18" [_thread_blocked, id=7240, stack(0x0000001853c00000,0x0000001853d00000)]
  0x0000020062a97790 JavaThread "Unconstrained build operations Thread 19" [_thread_blocked, id=25884, stack(0x0000001853d00000,0x0000001853e00000)]
  0x0000020062a9c960 JavaThread "Unconstrained build operations Thread 20" [_thread_blocked, id=22540, stack(0x0000001853e00000,0x0000001853f00000)]
  0x0000020062a96920 JavaThread "Unconstrained build operations Thread 21" [_thread_blocked, id=9372, stack(0x0000001853f00000,0x0000001854000000)]
  0x0000020062a9bfc0 JavaThread "Unconstrained build operations Thread 22" [_thread_blocked, id=14500, stack(0x0000001854000000,0x0000001854100000)]
  0x0000020062a99e10 JavaThread "Unconstrained build operations Thread 23" [_thread_blocked, id=25052, stack(0x0000001854100000,0x0000001854200000)]
  0x0000020062a96df0 JavaThread "Unconstrained build operations Thread 24" [_thread_blocked, id=19440, stack(0x0000001854200000,0x0000001854300000)]
  0x0000020062a98130 JavaThread "Unconstrained build operations Thread 25" [_thread_blocked, id=21276, stack(0x0000001854300000,0x0000001854400000)]
  0x0000020062a9a7b0 JavaThread "Unconstrained build operations Thread 26" [_thread_blocked, id=5088, stack(0x0000001854400000,0x0000001854500000)]
  0x0000020062a9ce30 JavaThread "Unconstrained build operations Thread 27" [_thread_blocked, id=11580, stack(0x0000001854500000,0x0000001854600000)]
  0x0000020062a9b620 JavaThread "Unconstrained build operations Thread 28" [_thread_blocked, id=25808, stack(0x0000001854600000,0x0000001854700000)]
  0x0000020062a9baf0 JavaThread "Unconstrained build operations Thread 29" [_thread_blocked, id=14868, stack(0x0000001854700000,0x0000001854800000)]
  0x0000020062a9d300 JavaThread "Unconstrained build operations Thread 30" [_thread_blocked, id=19496, stack(0x0000001854800000,0x0000001854900000)]
  0x0000020062a95ab0 JavaThread "Unconstrained build operations Thread 31" [_thread_blocked, id=17668, stack(0x0000001854900000,0x0000001854a00000)]
  0x000002005f654330 JavaThread "Unconstrained build operations Thread 32" [_thread_blocked, id=6012, stack(0x0000001854a00000,0x0000001854b00000)]
  0x000002005f64fb00 JavaThread "Unconstrained build operations Thread 33" [_thread_blocked, id=23056, stack(0x0000001854b00000,0x0000001854c00000)]
  0x000002005f651cb0 JavaThread "Unconstrained build operations Thread 34" [_thread_blocked, id=23012, stack(0x0000001854c00000,0x0000001854d00000)]
  0x000002005f6569b0 JavaThread "Unconstrained build operations Thread 35" [_thread_blocked, id=16980, stack(0x0000001854d00000,0x0000001854e00000)]
  0x000002005f6504a0 JavaThread "Unconstrained build operations Thread 36" [_thread_blocked, id=11392, stack(0x0000001854e00000,0x0000001854f00000)]
  0x000002005f653990 JavaThread "Unconstrained build operations Thread 37" [_thread_blocked, id=5864, stack(0x0000001854f00000,0x0000001855000000)]
  0x000002005f652180 JavaThread "Unconstrained build operations Thread 38" [_thread_blocked, id=22600, stack(0x0000001855000000,0x0000001855100000)]
  0x000002005f64ffd0 JavaThread "Unconstrained build operations Thread 39" [_thread_blocked, id=4428, stack(0x0000001855100000,0x0000001855200000)]
  0x000002005f653e60 JavaThread "Unconstrained build operations Thread 40" [_thread_blocked, id=18724, stack(0x0000001855200000,0x0000001855300000)]
  0x000002005f654800 JavaThread "Unconstrained build operations Thread 41" [_thread_blocked, id=24072, stack(0x0000001855300000,0x0000001855400000)]
  0x000002005f656010 JavaThread "Unconstrained build operations Thread 42" [_thread_blocked, id=10420, stack(0x0000001855400000,0x0000001855500000)]
  0x000002005f654cd0 JavaThread "Unconstrained build operations Thread 43" [_thread_blocked, id=6236, stack(0x0000001855500000,0x0000001855600000)]
  0x000002005f650970 JavaThread "Unconstrained build operations Thread 44" [_thread_blocked, id=20372, stack(0x0000001855600000,0x0000001855700000)]
  0x000002005f6551a0 JavaThread "Unconstrained build operations Thread 45" [_thread_blocked, id=6264, stack(0x0000001855700000,0x0000001855800000)]
  0x000002005f650e40 JavaThread "Unconstrained build operations Thread 46" [_thread_blocked, id=23564, stack(0x0000001855800000,0x0000001855900000)]
  0x000002005f651310 JavaThread "Unconstrained build operations Thread 47" [_thread_blocked, id=29288, stack(0x0000001855900000,0x0000001855a00000)]
  0x000002005f655670 JavaThread "Unconstrained build operations Thread 48" [_thread_blocked, id=10968, stack(0x0000001855a00000,0x0000001855b00000)]
  0x000002005f655b40 JavaThread "Unconstrained build operations Thread 49" [_thread_blocked, id=16112, stack(0x0000001855b00000,0x0000001855c00000)]
  0x000002005f6517e0 JavaThread "Unconstrained build operations Thread 50" [_thread_blocked, id=23540, stack(0x0000001855c00000,0x0000001855d00000)]
  0x000002005f652ff0 JavaThread "Unconstrained build operations Thread 51" [_thread_blocked, id=15248, stack(0x0000001855d00000,0x0000001855e00000)]
  0x000002005fd29ad0 JavaThread "Unconstrained build operations Thread 52" [_thread_blocked, id=7144, stack(0x0000001855e00000,0x0000001855f00000)]
  0x000002005fd2b7b0 JavaThread "Unconstrained build operations Thread 53" [_thread_blocked, id=29576, stack(0x0000001855f00000,0x0000001856000000)]
  0x000002005fd304b0 JavaThread "Unconstrained build operations Thread 54" [_thread_blocked, id=23524, stack(0x0000001856000000,0x0000001856100000)]
  0x000002005fd2bc80 JavaThread "Unconstrained build operations Thread 55" [_thread_blocked, id=15220, stack(0x0000001856100000,0x0000001856200000)]
  0x000002005fd2c150 JavaThread "Unconstrained build operations Thread 56" [_thread_blocked, id=28176, stack(0x0000001856200000,0x0000001856300000)]
  0x000002005fd2e300 JavaThread "Unconstrained build operations Thread 57" [_thread_blocked, id=30588, stack(0x0000001856300000,0x0000001856400000)]
  0x000002005fd2caf0 JavaThread "Unconstrained build operations Thread 58" [_thread_blocked, id=19416, stack(0x0000001856400000,0x0000001856500000)]
  0x000002005fd2fb10 JavaThread "Unconstrained build operations Thread 59" [_thread_blocked, id=28996, stack(0x0000001856500000,0x0000001856600000)]
  0x000002005fa15d50 JavaThread "Unconstrained build operations Thread 60" [_thread_blocked, id=21132, stack(0x0000001856600000,0x0000001856700000)]
  0x000002005fa14ee0 JavaThread "Unconstrained build operations Thread 61" [_thread_blocked, id=6084, stack(0x0000001856700000,0x0000001856800000)]
  0x000002005fa16bc0 JavaThread "Unconstrained build operations Thread 62" [_thread_blocked, id=14600, stack(0x0000001856800000,0x0000001856900000)]
  0x000002005fa17a30 JavaThread "Unconstrained build operations Thread 63" [_thread_blocked, id=19156, stack(0x0000001856900000,0x0000001856a00000)]
  0x000002005fa14540 JavaThread "Unconstrained build operations Thread 64" [_thread_blocked, id=25784, stack(0x0000001856a00000,0x0000001856b00000)]
  0x000002005fa17090 JavaThread "Unconstrained build operations Thread 65" [_thread_blocked, id=16840, stack(0x0000001856b00000,0x0000001856c00000)]
  0x000002005fa14070 JavaThread "Unconstrained build operations Thread 66" [_thread_blocked, id=29344, stack(0x0000001856c00000,0x0000001856d00000)]
  0x000002005f7693c0 JavaThread "Unconstrained build operations Thread 67" [_thread_blocked, id=24936, stack(0x0000001856d00000,0x0000001856e00000)]
  0x000002005f768550 JavaThread "Unconstrained build operations Thread 68" [_thread_blocked, id=21508, stack(0x0000001856e00000,0x0000001856f00000)]
  0x0000020065b3c870 JavaThread "Unconstrained build operations Thread 69" [_thread_blocked, id=14280, stack(0x0000001856f00000,0x0000001857000000)]
  0x0000020065b410a0 JavaThread "Unconstrained build operations Thread 70" [_thread_blocked, id=23044, stack(0x0000001857000000,0x0000001857100000)]
  0x0000020065b3f3c0 JavaThread "Unconstrained build operations Thread 71" [_thread_blocked, id=9856, stack(0x0000001857100000,0x0000001857200000)]
  0x0000020065b3f890 JavaThread "Unconstrained build operations Thread 72" [_thread_blocked, id=23808, stack(0x0000001857200000,0x0000001857300000)]
  0x0000020065b3d6e0 JavaThread "Unconstrained build operations Thread 73" [_thread_blocked, id=1896, stack(0x0000001857300000,0x0000001857400000)]
  0x0000020065b3b530 JavaThread "Unconstrained build operations Thread 74" [_thread_blocked, id=18188, stack(0x0000001857400000,0x0000001857500000)]
  0x0000020065b3a6c0 JavaThread "Unconstrained build operations Thread 75" [_thread_blocked, id=16876, stack(0x0000001857500000,0x0000001857600000)]
  0x0000020065b3ba00 JavaThread "Unconstrained build operations Thread 76" [_thread_blocked, id=28416, stack(0x0000001857600000,0x0000001857700000)]
  0x0000020065b3ea20 JavaThread "Unconstrained build operations Thread 77" [_thread_blocked, id=11360, stack(0x0000001857700000,0x0000001857800000)]
  0x0000020065b39d20 JavaThread "Unconstrained build operations Thread 78" [_thread_blocked, id=20884, stack(0x0000001857800000,0x0000001857900000)]
  0x0000020065b3c3a0 JavaThread "Unconstrained build operations Thread 79" [_thread_blocked, id=11208, stack(0x0000001857c00000,0x0000001857d00000)]
  0x0000020065b3cd40 JavaThread "Unconstrained build operations Thread 80" [_thread_blocked, id=9680, stack(0x0000001857e00000,0x0000001857f00000)]
  0x0000020065b3eef0 JavaThread "build event listener" [_thread_blocked, id=25336, stack(0x0000001857f00000,0x0000001858000000)]

Other Threads:
=>0x000002005dfaa930 VMThread "VM Thread" [stack: 0x000000184f500000,0x000000184f600000] [id=21268]
  0x00000200421fa560 WatcherThread [stack: 0x0000001850100000,0x0000001850200000] [id=8432]
  0x00000200421d4e60 GCTaskThread "GC Thread#0" [stack: 0x000000184f000000,0x000000184f100000] [id=20724]
  0x000002005edd86f0 GCTaskThread "GC Thread#1" [stack: 0x0000001850300000,0x0000001850400000] [id=12132]
  0x000002005edd89a0 GCTaskThread "GC Thread#2" [stack: 0x0000001850400000,0x0000001850500000] [id=26732]
  0x000002005fa84f10 GCTaskThread "GC Thread#3" [stack: 0x0000001850500000,0x0000001850600000] [id=2604]
  0x0000020060200100 GCTaskThread "GC Thread#4" [stack: 0x0000001850600000,0x0000001850700000] [id=18836]
  0x000002006127e490 GCTaskThread "GC Thread#5" [stack: 0x0000001851200000,0x0000001851300000] [id=12372]
  0x00000200603b7d90 GCTaskThread "GC Thread#6" [stack: 0x0000001851300000,0x0000001851400000] [id=23240]
  0x00000200603b8040 GCTaskThread "GC Thread#7" [stack: 0x0000001851400000,0x0000001851500000] [id=21624]
  0x00000200421e5da0 ConcurrentGCThread "G1 Main Marker" [stack: 0x000000184f100000,0x000000184f200000] [id=30116]
  0x00000200421e6910 ConcurrentGCThread "G1 Conc#0" [stack: 0x000000184f200000,0x000000184f300000] [id=16724]
  0x0000020061b23fb0 ConcurrentGCThread "G1 Conc#1" [stack: 0x0000001851500000,0x0000001851600000] [id=27752]
  0x000002005de024c0 ConcurrentGCThread "G1 Refine#0" [stack: 0x000000184f300000,0x000000184f400000] [id=29472]
  0x0000020062d74d70 ConcurrentGCThread "G1 Refine#1" [stack: 0x0000001852300000,0x0000001852400000] [id=15836]
  0x000002005de02ee0 ConcurrentGCThread "G1 Service" [stack: 0x000000184f400000,0x000000184f500000] [id=4564]

Threads with active compile tasks:
C2 CompilerThread0    51001 11598       4       java.util.regex.Pattern$NotBehind::match (137 bytes)
C2 CompilerThread1    51001 11592 %     4       java.math.BigInteger::montReduce @ 9 (99 bytes)

VM state: at safepoint (normal execution)

VM Mutex/Monitor currently owned by a thread:  ([mutex/lock_event])
[0x0000020042171d50] Threads_lock - owner thread: 0x000002005dfaa930
[0x0000020042172bf0] Heap_lock - owner thread: 0x000002005fd2e7d0

Heap address: 0x0000000080000000, size: 2048 MB, Compressed Oops mode: 32-bit

CDS archive(s) not mapped
Compressed class space mapped at: 0x0000000100000000-0x0000000140000000, reserved size: 1073741824
Narrow klass base: 0x0000000000000000, Narrow klass shift: 3, Narrow klass range: 0x140000000

GC Precious Log:
 CPUs: 8 total, 8 available
 Memory: 7959M
 Large Page Support: Disabled
 NUMA Support: Disabled
 Compressed Oops: Enabled (32-bit)
 Heap Region Size: 1M
 Heap Min Capacity: 8M
 Heap Initial Capacity: 126M
 Heap Max Capacity: 2G
 Pre-touch: Disabled
 Parallel Workers: 8
 Concurrent Workers: 2
 Concurrent Refinement Workers: 8
 Periodic GC: Disabled

Heap:
 garbage-first heap   total 162816K, used 90621K [0x0000000080000000, 0x0000000100000000)
  region size 1024K, 3 young (3072K), 3 survivors (3072K)
 Metaspace       used 91727K, committed 92416K, reserved 1130496K
  class space    used 12468K, committed 12800K, reserved 1048576K

Heap Regions: E=young(eden), S=young(survivor), O=old, HS=humongous(starts), HC=humongous(continues), CS=collection set, F=free, OA=open archive, CA=closed archive, TAMS=top-at-mark-start (previous, next)
|   0|0x0000000080000000, 0x0000000080100000, 0x0000000080100000|100%|HS|  |TAMS 0x0000000080100000, 0x0000000080100000| Complete 
|   1|0x0000000080100000, 0x0000000080200000, 0x0000000080200000|100%|HC|  |TAMS 0x0000000080200000, 0x0000000080200000| Complete 
|   2|0x0000000080200000, 0x0000000080300000, 0x0000000080300000|100%|HC|  |TAMS 0x0000000080300000, 0x0000000080300000| Complete 
|   3|0x0000000080300000, 0x0000000080400000, 0x0000000080400000|100%|HC|  |TAMS 0x0000000080400000, 0x0000000080400000| Complete 
|   4|0x0000000080400000, 0x0000000080500000, 0x0000000080500000|100%| O|  |TAMS 0x0000000080500000, 0x0000000080500000| Untracked 
|   5|0x0000000080500000, 0x0000000080600000, 0x0000000080600000|100%| O|  |TAMS 0x0000000080600000, 0x0000000080600000| Untracked 
|   6|0x0000000080600000, 0x0000000080700000, 0x0000000080700000|100%| O|  |TAMS 0x0000000080700000, 0x0000000080700000| Untracked 
|   7|0x0000000080700000, 0x0000000080800000, 0x0000000080800000|100%| O|  |TAMS 0x0000000080800000, 0x0000000080800000| Untracked 
|   8|0x0000000080800000, 0x0000000080900000, 0x0000000080900000|100%| O|  |TAMS 0x0000000080900000, 0x0000000080900000| Untracked 
|   9|0x0000000080900000, 0x0000000080a00000, 0x0000000080a00000|100%| O|  |TAMS 0x0000000080a00000, 0x0000000080a00000| Untracked 
|  10|0x0000000080a00000, 0x0000000080b00000, 0x0000000080b00000|100%| O|  |TAMS 0x0000000080b00000, 0x0000000080b00000| Untracked 
|  11|0x0000000080b00000, 0x0000000080c00000, 0x0000000080c00000|100%| O|  |TAMS 0x0000000080c00000, 0x0000000080c00000| Untracked 
|  12|0x0000000080c00000, 0x0000000080d00000, 0x0000000080d00000|100%| O|  |TAMS 0x0000000080d00000, 0x0000000080d00000| Untracked 
|  13|0x0000000080d00000, 0x0000000080e00000, 0x0000000080e00000|100%| O|  |TAMS 0x0000000080e00000, 0x0000000080e00000| Untracked 
|  14|0x0000000080e00000, 0x0000000080f00000, 0x0000000080f00000|100%| O|  |TAMS 0x0000000080f00000, 0x0000000080f00000| Untracked 
|  15|0x0000000080f00000, 0x0000000081000000, 0x0000000081000000|100%| O|  |TAMS 0x0000000081000000, 0x0000000081000000| Untracked 
|  16|0x0000000081000000, 0x0000000081100000, 0x0000000081100000|100%| O|  |TAMS 0x0000000081100000, 0x0000000081100000| Untracked 
|  17|0x0000000081100000, 0x0000000081200000, 0x0000000081200000|100%| O|  |TAMS 0x0000000081200000, 0x0000000081200000| Untracked 
|  18|0x0000000081200000, 0x0000000081300000, 0x0000000081300000|100%| O|  |TAMS 0x0000000081300000, 0x0000000081300000| Untracked 
|  19|0x0000000081300000, 0x0000000081400000, 0x0000000081400000|100%| O|  |TAMS 0x0000000081400000, 0x0000000081400000| Untracked 
|  20|0x0000000081400000, 0x0000000081500000, 0x0000000081500000|100%| O|  |TAMS 0x0000000081500000, 0x0000000081500000| Untracked 
|  21|0x0000000081500000, 0x0000000081600000, 0x0000000081600000|100%| O|  |TAMS 0x0000000081600000, 0x0000000081600000| Untracked 
|  22|0x0000000081600000, 0x0000000081700000, 0x0000000081700000|100%| O|  |TAMS 0x0000000081700000, 0x0000000081700000| Untracked 
|  23|0x0000000081700000, 0x0000000081700000, 0x0000000081800000|  0%| F|  |TAMS 0x0000000081700000, 0x0000000081700000| Untracked 
|  24|0x0000000081800000, 0x0000000081800000, 0x0000000081900000|  0%| F|  |TAMS 0x0000000081800000, 0x0000000081800000| Untracked 
|  25|0x0000000081900000, 0x0000000081a00000, 0x0000000081a00000|100%| O|  |TAMS 0x0000000081a00000, 0x0000000081a00000| Untracked 
|  26|0x0000000081a00000, 0x0000000081b00000, 0x0000000081b00000|100%| O|  |TAMS 0x0000000081b00000, 0x0000000081b00000| Untracked 
|  27|0x0000000081b00000, 0x0000000081c00000, 0x0000000081c00000|100%| O|  |TAMS 0x0000000081c00000, 0x0000000081c00000| Untracked 
|  28|0x0000000081c00000, 0x0000000081d00000, 0x0000000081d00000|100%| O|  |TAMS 0x0000000081d00000, 0x0000000081d00000| Untracked 
|  29|0x0000000081d00000, 0x0000000081e00000, 0x0000000081e00000|100%| O|  |TAMS 0x0000000081e00000, 0x0000000081e00000| Untracked 
|  30|0x0000000081e00000, 0x0000000081f00000, 0x0000000081f00000|100%| O|  |TAMS 0x0000000081f00000, 0x0000000081f00000| Untracked 
|  31|0x0000000081f00000, 0x0000000082000000, 0x0000000082000000|100%| O|  |TAMS 0x0000000082000000, 0x0000000082000000| Untracked 
|  32|0x0000000082000000, 0x0000000082100000, 0x0000000082100000|100%| O|  |TAMS 0x0000000082100000, 0x0000000082100000| Untracked 
|  33|0x0000000082100000, 0x0000000082200000, 0x0000000082200000|100%| O|  |TAMS 0x0000000082200000, 0x0000000082200000| Untracked 
|  34|0x0000000082200000, 0x0000000082300000, 0x0000000082300000|100%|HS|  |TAMS 0x0000000082300000, 0x0000000082300000| Complete 
|  35|0x0000000082300000, 0x0000000082400000, 0x0000000082400000|100%|HS|  |TAMS 0x0000000082400000, 0x0000000082400000| Complete 
|  36|0x0000000082400000, 0x0000000082500000, 0x0000000082500000|100%| O|  |TAMS 0x0000000082500000, 0x0000000082500000| Untracked 
|  37|0x0000000082500000, 0x0000000082600000, 0x0000000082600000|100%| O|  |TAMS 0x0000000082600000, 0x0000000082600000| Untracked 
|  38|0x0000000082600000, 0x0000000082700000, 0x0000000082700000|100%| O|  |TAMS 0x0000000082700000, 0x0000000082700000| Untracked 
|  39|0x0000000082700000, 0x0000000082800000, 0x0000000082800000|100%| O|  |TAMS 0x0000000082800000, 0x0000000082800000| Untracked 
|  40|0x0000000082800000, 0x0000000082900000, 0x0000000082900000|100%| O|  |TAMS 0x0000000082900000, 0x0000000082900000| Untracked 
|  41|0x0000000082900000, 0x0000000082a00000, 0x0000000082a00000|100%| O|  |TAMS 0x0000000082a00000, 0x0000000082a00000| Untracked 
|  42|0x0000000082a00000, 0x0000000082b00000, 0x0000000082b00000|100%| O|  |TAMS 0x0000000082b00000, 0x0000000082b00000| Untracked 
|  43|0x0000000082b00000, 0x0000000082c00000, 0x0000000082c00000|100%| O|  |TAMS 0x0000000082c00000, 0x0000000082c00000| Untracked 
|  44|0x0000000082c00000, 0x0000000082d00000, 0x0000000082d00000|100%| O|  |TAMS 0x0000000082d00000, 0x0000000082d00000| Untracked 
|  45|0x0000000082d00000, 0x0000000082e00000, 0x0000000082e00000|100%| O|  |TAMS 0x0000000082e00000, 0x0000000082e00000| Untracked 
|  46|0x0000000082e00000, 0x0000000082f00000, 0x0000000082f00000|100%| O|  |TAMS 0x0000000082f00000, 0x0000000082f00000| Untracked 
|  47|0x0000000082f00000, 0x0000000083000000, 0x0000000083000000|100%| O|  |TAMS 0x0000000083000000, 0x0000000083000000| Untracked 
|  48|0x0000000083000000, 0x0000000083100000, 0x0000000083100000|100%| O|  |TAMS 0x0000000083100000, 0x0000000083100000| Untracked 
|  49|0x0000000083100000, 0x0000000083200000, 0x0000000083200000|100%| O|  |TAMS 0x0000000083200000, 0x0000000083200000| Untracked 
|  50|0x0000000083200000, 0x0000000083300000, 0x0000000083300000|100%| O|  |TAMS 0x0000000083300000, 0x0000000083300000| Untracked 
|  51|0x0000000083300000, 0x0000000083400000, 0x0000000083400000|100%| O|  |TAMS 0x0000000083400000, 0x0000000083400000| Untracked 
|  52|0x0000000083400000, 0x0000000083500000, 0x0000000083500000|100%| O|  |TAMS 0x0000000083500000, 0x0000000083500000| Untracked 
|  53|0x0000000083500000, 0x0000000083600000, 0x0000000083600000|100%| O|  |TAMS 0x0000000083600000, 0x0000000083600000| Untracked 
|  54|0x0000000083600000, 0x0000000083700000, 0x0000000083700000|100%| O|  |TAMS 0x0000000083700000, 0x0000000083700000| Untracked 
|  55|0x0000000083700000, 0x0000000083800000, 0x0000000083800000|100%| O|  |TAMS 0x0000000083800000, 0x0000000083800000| Untracked 
|  56|0x0000000083800000, 0x0000000083900000, 0x0000000083900000|100%| O|  |TAMS 0x0000000083900000, 0x0000000083900000| Untracked 
|  57|0x0000000083900000, 0x0000000083a00000, 0x0000000083a00000|100%| O|  |TAMS 0x0000000083a00000, 0x0000000083a00000| Untracked 
|  58|0x0000000083a00000, 0x0000000083b00000, 0x0000000083b00000|100%| O|  |TAMS 0x0000000083b00000, 0x0000000083b00000| Untracked 
|  59|0x0000000083b00000, 0x0000000083c00000, 0x0000000083c00000|100%| O|  |TAMS 0x0000000083c00000, 0x0000000083c00000| Untracked 
|  60|0x0000000083c00000, 0x0000000083d00000, 0x0000000083d00000|100%| O|  |TAMS 0x0000000083d00000, 0x0000000083d00000| Untracked 
|  61|0x0000000083d00000, 0x0000000083e00000, 0x0000000083e00000|100%| O|  |TAMS 0x0000000083e00000, 0x0000000083e00000| Untracked 
|  62|0x0000000083e00000, 0x0000000083f00000, 0x0000000083f00000|100%| O|  |TAMS 0x0000000083f00000, 0x0000000083f00000| Untracked 
|  63|0x0000000083f00000, 0x0000000084000000, 0x0000000084000000|100%| O|  |TAMS 0x0000000084000000, 0x0000000084000000| Untracked 
|  64|0x0000000084000000, 0x0000000084100000, 0x0000000084100000|100%| O|  |TAMS 0x0000000084100000, 0x0000000084100000| Untracked 
|  65|0x0000000084100000, 0x0000000084200000, 0x0000000084200000|100%| O|  |TAMS 0x0000000084200000, 0x0000000084200000| Untracked 
|  66|0x0000000084200000, 0x0000000084300000, 0x0000000084300000|100%| O|  |TAMS 0x0000000084300000, 0x0000000084300000| Untracked 
|  67|0x0000000084300000, 0x0000000084400000, 0x0000000084400000|100%| O|  |TAMS 0x0000000084400000, 0x0000000084400000| Untracked 
|  68|0x0000000084400000, 0x0000000084500000, 0x0000000084500000|100%| O|  |TAMS 0x0000000084500000, 0x0000000084500000| Untracked 
|  69|0x0000000084500000, 0x0000000084600000, 0x0000000084600000|100%| O|  |TAMS 0x0000000084600000, 0x0000000084600000| Untracked 
|  70|0x0000000084600000, 0x0000000084700000, 0x0000000084700000|100%| O|  |TAMS 0x0000000084700000, 0x0000000084700000| Untracked 
|  71|0x0000000084700000, 0x0000000084800000, 0x0000000084800000|100%| O|  |TAMS 0x0000000084800000, 0x0000000084800000| Untracked 
|  72|0x0000000084800000, 0x0000000084900000, 0x0000000084900000|100%| O|  |TAMS 0x0000000084900000, 0x0000000084900000| Untracked 
|  73|0x0000000084900000, 0x0000000084a00000, 0x0000000084a00000|100%| O|  |TAMS 0x0000000084a00000, 0x0000000084a00000| Untracked 
|  74|0x0000000084a00000, 0x0000000084b00000, 0x0000000084b00000|100%| O|  |TAMS 0x0000000084b00000, 0x0000000084b00000| Untracked 
|  75|0x0000000084b00000, 0x0000000084c00000, 0x0000000084c00000|100%| O|  |TAMS 0x0000000084c00000, 0x0000000084c00000| Untracked 
|  76|0x0000000084c00000, 0x0000000084d00000, 0x0000000084d00000|100%| O|  |TAMS 0x0000000084d00000, 0x0000000084d00000| Untracked 
|  77|0x0000000084d00000, 0x0000000084e00000, 0x0000000084e00000|100%| O|  |TAMS 0x0000000084e00000, 0x0000000084e00000| Untracked 
|  78|0x0000000084e00000, 0x0000000084f00000, 0x0000000084f00000|100%| O|  |TAMS 0x0000000084f00000, 0x0000000084f00000| Untracked 
|  79|0x0000000084f00000, 0x0000000085000000, 0x0000000085000000|100%| O|  |TAMS 0x0000000085000000, 0x0000000085000000| Untracked 
|  80|0x0000000085000000, 0x0000000085100000, 0x0000000085100000|100%| O|  |TAMS 0x0000000085100000, 0x0000000085100000| Untracked 
|  81|0x0000000085100000, 0x0000000085200000, 0x0000000085200000|100%| O|  |TAMS 0x00000000851fc400, 0x0000000085200000| Untracked 
|  82|0x0000000085200000, 0x0000000085300000, 0x0000000085300000|100%| O|  |TAMS 0x0000000085200000, 0x0000000085300000| Untracked 
|  83|0x0000000085300000, 0x0000000085400000, 0x0000000085400000|100%| O|  |TAMS 0x0000000085300000, 0x0000000085400000| Untracked 
|  84|0x0000000085400000, 0x0000000085500000, 0x0000000085500000|100%| O|  |TAMS 0x0000000085400000, 0x0000000085500000| Untracked 
|  85|0x0000000085500000, 0x0000000085600000, 0x0000000085600000|100%| O|  |TAMS 0x0000000085500000, 0x0000000085600000| Untracked 
|  86|0x0000000085600000, 0x0000000085700000, 0x0000000085700000|100%| O|  |TAMS 0x0000000085600000, 0x0000000085700000| Untracked 
|  87|0x0000000085700000, 0x0000000085800000, 0x0000000085800000|100%| O|  |TAMS 0x0000000085700000, 0x0000000085800000| Untracked 
|  88|0x0000000085800000, 0x0000000085832800, 0x0000000085900000| 19%| O|  |TAMS 0x0000000085800000, 0x0000000085832800| Untracked 
|  89|0x0000000085900000, 0x0000000085900000, 0x0000000085a00000|  0%| F|  |TAMS 0x0000000085900000, 0x0000000085900000| Untracked 
|  90|0x0000000085a00000, 0x0000000085a00000, 0x0000000085b00000|  0%| F|  |TAMS 0x0000000085a00000, 0x0000000085a00000| Untracked 
|  91|0x0000000085b00000, 0x0000000085b00000, 0x0000000085c00000|  0%| F|  |TAMS 0x0000000085b00000, 0x0000000085b00000| Untracked 
|  92|0x0000000085c00000, 0x0000000085c00000, 0x0000000085d00000|  0%| F|  |TAMS 0x0000000085c00000, 0x0000000085c00000| Untracked 
|  93|0x0000000085d00000, 0x0000000085d00000, 0x0000000085e00000|  0%| F|  |TAMS 0x0000000085d00000, 0x0000000085d00000| Untracked 
|  94|0x0000000085e00000, 0x0000000085e00000, 0x0000000085f00000|  0%| F|  |TAMS 0x0000000085e00000, 0x0000000085e00000| Untracked 
|  95|0x0000000085f00000, 0x0000000085f00000, 0x0000000086000000|  0%| F|  |TAMS 0x0000000085f00000, 0x0000000085f00000| Untracked 
|  96|0x0000000086000000, 0x0000000086000000, 0x0000000086100000|  0%| F|  |TAMS 0x0000000086000000, 0x0000000086000000| Untracked 
|  97|0x0000000086100000, 0x0000000086100000, 0x0000000086200000|  0%| F|  |TAMS 0x0000000086100000, 0x0000000086100000| Untracked 
|  98|0x0000000086200000, 0x0000000086200000, 0x0000000086300000|  0%| F|  |TAMS 0x0000000086200000, 0x0000000086200000| Untracked 
|  99|0x0000000086300000, 0x0000000086300000, 0x0000000086400000|  0%| F|  |TAMS 0x0000000086300000, 0x0000000086300000| Untracked 
| 100|0x0000000086400000, 0x0000000086400000, 0x0000000086500000|  0%| F|  |TAMS 0x0000000086400000, 0x0000000086400000| Untracked 
| 101|0x0000000086500000, 0x0000000086500000, 0x0000000086600000|  0%| F|  |TAMS 0x0000000086500000, 0x0000000086500000| Untracked 
| 102|0x0000000086600000, 0x0000000086600000, 0x0000000086700000|  0%| F|  |TAMS 0x0000000086600000, 0x0000000086600000| Untracked 
| 103|0x0000000086700000, 0x0000000086700000, 0x0000000086800000|  0%| F|  |TAMS 0x0000000086700000, 0x0000000086700000| Untracked 
| 104|0x0000000086800000, 0x0000000086800000, 0x0000000086900000|  0%| F|  |TAMS 0x0000000086800000, 0x0000000086800000| Untracked 
| 105|0x0000000086900000, 0x0000000086900000, 0x0000000086a00000|  0%| F|  |TAMS 0x0000000086900000, 0x0000000086900000| Untracked 
| 106|0x0000000086a00000, 0x0000000086a00000, 0x0000000086b00000|  0%| F|  |TAMS 0x0000000086a00000, 0x0000000086a00000| Untracked 
| 107|0x0000000086b00000, 0x0000000086b00000, 0x0000000086c00000|  0%| F|  |TAMS 0x0000000086b00000, 0x0000000086b00000| Untracked 
| 108|0x0000000086c00000, 0x0000000086c00000, 0x0000000086d00000|  0%| F|  |TAMS 0x0000000086c00000, 0x0000000086c00000| Untracked 
| 109|0x0000000086d00000, 0x0000000086d00000, 0x0000000086e00000|  0%| F|  |TAMS 0x0000000086d00000, 0x0000000086d00000| Untracked 
| 110|0x0000000086e00000, 0x0000000086e00000, 0x0000000086f00000|  0%| F|  |TAMS 0x0000000086e00000, 0x0000000086e00000| Untracked 
| 111|0x0000000086f00000, 0x0000000086f00000, 0x0000000087000000|  0%| F|  |TAMS 0x0000000086f00000, 0x0000000086f00000| Untracked 
| 112|0x0000000087000000, 0x0000000087000000, 0x0000000087100000|  0%| F|  |TAMS 0x0000000087000000, 0x0000000087000000| Untracked 
| 113|0x0000000087100000, 0x0000000087100000, 0x0000000087200000|  0%| F|  |TAMS 0x0000000087100000, 0x0000000087100000| Untracked 
| 114|0x0000000087200000, 0x0000000087200000, 0x0000000087300000|  0%| F|  |TAMS 0x0000000087200000, 0x0000000087200000| Untracked 
| 115|0x0000000087300000, 0x0000000087300000, 0x0000000087400000|  0%| F|  |TAMS 0x0000000087300000, 0x0000000087300000| Untracked 
| 116|0x0000000087400000, 0x0000000087400000, 0x0000000087500000|  0%| F|  |TAMS 0x0000000087400000, 0x0000000087400000| Untracked 
| 117|0x0000000087500000, 0x0000000087500000, 0x0000000087600000|  0%| F|  |TAMS 0x0000000087500000, 0x0000000087500000| Untracked 
| 118|0x0000000087600000, 0x0000000087600000, 0x0000000087700000|  0%| F|  |TAMS 0x0000000087600000, 0x0000000087600000| Untracked 
| 119|0x0000000087700000, 0x0000000087700000, 0x0000000087800000|  0%| F|  |TAMS 0x0000000087700000, 0x0000000087700000| Untracked 
| 120|0x0000000087800000, 0x0000000087800000, 0x0000000087900000|  0%| F|  |TAMS 0x0000000087800000, 0x0000000087800000| Untracked 
| 121|0x0000000087900000, 0x0000000087900000, 0x0000000087a00000|  0%| F|  |TAMS 0x0000000087900000, 0x0000000087900000| Untracked 
| 122|0x0000000087a00000, 0x0000000087a00000, 0x0000000087b00000|  0%| F|  |TAMS 0x0000000087a00000, 0x0000000087a00000| Untracked 
| 123|0x0000000087b00000, 0x0000000087b00000, 0x0000000087c00000|  0%| F|  |TAMS 0x0000000087b00000, 0x0000000087b00000| Untracked 
| 124|0x0000000087c00000, 0x0000000087c00000, 0x0000000087d00000|  0%| F|  |TAMS 0x0000000087c00000, 0x0000000087c00000| Untracked 
| 125|0x0000000087d00000, 0x0000000087d4cd20, 0x0000000087e00000| 30%| S|CS|TAMS 0x0000000087d00000, 0x0000000087d00000| Complete 
| 126|0x0000000087e00000, 0x0000000087f00000, 0x0000000087f00000|100%| S|CS|TAMS 0x0000000087e00000, 0x0000000087e00000| Complete 
| 127|0x0000000087f00000, 0x0000000088000000, 0x0000000088000000|100%| S|CS|TAMS 0x0000000087f00000, 0x0000000087f00000| Complete 
| 128|0x0000000088000000, 0x0000000088000000, 0x0000000088100000|  0%| F|  |TAMS 0x0000000088000000, 0x0000000088000000| Untracked 
| 129|0x0000000088100000, 0x0000000088100000, 0x0000000088200000|  0%| F|  |TAMS 0x0000000088100000, 0x0000000088100000| Untracked 
| 130|0x0000000088200000, 0x0000000088200000, 0x0000000088300000|  0%| F|  |TAMS 0x0000000088200000, 0x0000000088200000| Untracked 
| 131|0x0000000088300000, 0x0000000088300000, 0x0000000088400000|  0%| F|  |TAMS 0x0000000088300000, 0x0000000088300000| Untracked 
| 132|0x0000000088400000, 0x0000000088400000, 0x0000000088500000|  0%| F|  |TAMS 0x0000000088400000, 0x0000000088400000| Untracked 
| 133|0x0000000088500000, 0x0000000088500000, 0x0000000088600000|  0%| F|  |TAMS 0x0000000088500000, 0x0000000088500000| Untracked 
| 134|0x0000000088600000, 0x0000000088600000, 0x0000000088700000|  0%| F|  |TAMS 0x0000000088600000, 0x0000000088600000| Untracked 
| 135|0x0000000088700000, 0x0000000088700000, 0x0000000088800000|  0%| F|  |TAMS 0x0000000088700000, 0x0000000088700000| Untracked 
| 136|0x0000000088800000, 0x0000000088800000, 0x0000000088900000|  0%| F|  |TAMS 0x0000000088800000, 0x0000000088800000| Untracked 
| 137|0x0000000088900000, 0x0000000088900000, 0x0000000088a00000|  0%| F|  |TAMS 0x0000000088900000, 0x0000000088900000| Untracked 
| 138|0x0000000088a00000, 0x0000000088a00000, 0x0000000088b00000|  0%| F|  |TAMS 0x0000000088a00000, 0x0000000088a00000| Untracked 
| 139|0x0000000088b00000, 0x0000000088b00000, 0x0000000088c00000|  0%| F|  |TAMS 0x0000000088b00000, 0x0000000088b00000| Untracked 
| 140|0x0000000088c00000, 0x0000000088c00000, 0x0000000088d00000|  0%| F|  |TAMS 0x0000000088c00000, 0x0000000088c00000| Untracked 
| 141|0x0000000088d00000, 0x0000000088d00000, 0x0000000088e00000|  0%| F|  |TAMS 0x0000000088d00000, 0x0000000088d00000| Untracked 
| 142|0x0000000088e00000, 0x0000000088e00000, 0x0000000088f00000|  0%| F|  |TAMS 0x0000000088e00000, 0x0000000088e00000| Untracked 
| 143|0x0000000088f00000, 0x0000000088f00000, 0x0000000089000000|  0%| F|  |TAMS 0x0000000088f00000, 0x0000000088f00000| Untracked 
| 144|0x0000000089000000, 0x0000000089000000, 0x0000000089100000|  0%| F|  |TAMS 0x0000000089000000, 0x0000000089000000| Untracked 
| 145|0x0000000089100000, 0x0000000089100000, 0x0000000089200000|  0%| F|  |TAMS 0x0000000089100000, 0x0000000089100000| Untracked 
| 146|0x0000000089200000, 0x0000000089200000, 0x0000000089300000|  0%| F|  |TAMS 0x0000000089200000, 0x0000000089200000| Untracked 
| 147|0x0000000089300000, 0x0000000089300000, 0x0000000089400000|  0%| F|  |TAMS 0x0000000089300000, 0x0000000089300000| Untracked 
| 148|0x0000000089400000, 0x0000000089400000, 0x0000000089500000|  0%| F|  |TAMS 0x0000000089400000, 0x0000000089400000| Untracked 
| 149|0x0000000089500000, 0x0000000089500000, 0x0000000089600000|  0%| F|  |TAMS 0x0000000089500000, 0x0000000089500000| Untracked 
| 150|0x0000000089600000, 0x0000000089600000, 0x0000000089700000|  0%| F|  |TAMS 0x0000000089600000, 0x0000000089600000| Untracked 
| 151|0x0000000089700000, 0x0000000089700000, 0x0000000089800000|  0%| F|  |TAMS 0x0000000089700000, 0x0000000089700000| Untracked 
| 152|0x0000000089800000, 0x0000000089800000, 0x0000000089900000|  0%| F|  |TAMS 0x0000000089800000, 0x0000000089800000| Untracked 
| 153|0x0000000089900000, 0x0000000089900000, 0x0000000089a00000|  0%| F|  |TAMS 0x0000000089900000, 0x0000000089900000| Untracked 
| 154|0x0000000089a00000, 0x0000000089a00000, 0x0000000089b00000|  0%| F|  |TAMS 0x0000000089a00000, 0x0000000089a00000| Untracked 
| 155|0x0000000089b00000, 0x0000000089b00000, 0x0000000089c00000|  0%| F|  |TAMS 0x0000000089b00000, 0x0000000089b00000| Untracked 
| 156|0x0000000089c00000, 0x0000000089c00000, 0x0000000089d00000|  0%| F|  |TAMS 0x0000000089c00000, 0x0000000089c00000| Untracked 
| 157|0x0000000089d00000, 0x0000000089d00000, 0x0000000089e00000|  0%| F|  |TAMS 0x0000000089d00000, 0x0000000089d00000| Untracked 
| 158|0x0000000089e00000, 0x0000000089e00000, 0x0000000089f00000|  0%| F|  |TAMS 0x0000000089e00000, 0x0000000089e00000| Untracked 

Card table byte_map: [0x0000020056cb0000,0x00000200570b0000] _byte_map_base: 0x00000200568b0000

Marking Bits (Prev, Next): (CMBitMap*) 0x00000200421d54b0, (CMBitMap*) 0x00000200421d5470
 Prev Bits: [0x00000200594b0000, 0x000002005b4b0000)
 Next Bits: [0x00000200574b0000, 0x00000200594b0000)

Polling page: 0x0000020042240000

Metaspace:

Usage:
  Non-class:     77.40 MB used.
      Class:     12.18 MB used.
       Both:     89.58 MB used.

Virtual space:
  Non-class space:       80.00 MB reserved,      77.75 MB ( 97%) committed,  10 nodes.
      Class space:        1.00 GB reserved,      12.50 MB (  1%) committed,  1 nodes.
             Both:        1.08 GB reserved,      90.25 MB (  8%) committed. 

Chunk freelists:
   Non-Class:  1.70 MB
       Class:  3.48 MB
        Both:  5.19 MB

MaxMetaspaceSize: unlimited
CompressedClassSpaceSize: 1.00 GB
Initial GC threshold: 21.00 MB
Current GC threshold: 140.12 MB
CDS: off
MetaspaceReclaimPolicy: balanced
 - commit_granule_bytes: 65536.
 - commit_granule_words: 8192.
 - virtual_space_node_default_size: 1048576.
 - enlarge_chunks_in_place: 1.
 - new_chunks_are_fully_committed: 0.
 - uncommit_free_chunks: 1.
 - use_allocation_guard: 0.
 - handle_deallocations: 1.


Internal statistics:

num_allocs_failed_limit: 6.
num_arena_births: 910.
num_arena_deaths: 14.
num_vsnodes_births: 11.
num_vsnodes_deaths: 0.
num_space_committed: 1444.
num_space_uncommitted: 0.
num_chunks_returned_to_freelist: 24.
num_chunks_taken_from_freelist: 4285.
num_chunk_merges: 14.
num_chunk_splits: 2821.
num_chunks_enlarged: 1856.
num_purges: 2.
num_inconsistent_stats: 0.

CodeHeap 'non-profiled nmethods': size=120000Kb used=5310Kb max_used=5660Kb free=114689Kb
 bounds [0x000002004e900000, 0x000002004ee90000, 0x0000020055e30000]
CodeHeap 'profiled nmethods': size=120000Kb used=19547Kb max_used=20144Kb free=100452Kb
 bounds [0x0000020046e30000, 0x00000200481e0000, 0x000002004e360000]
CodeHeap 'non-nmethods': size=5760Kb used=2381Kb max_used=2443Kb free=3378Kb
 bounds [0x000002004e360000, 0x000002004e5d0000, 0x000002004e900000]
 total_blobs=10838 nmethods=9940 adapters=810
 compilation: enabled
              stopped_count=0, restarted_count=0
 full_count=0

Compilation events (20 events):
Event: 50.956 Thread 0x000002005e834740 11588       3       sun.security.util.DerValue::toByteArray (91 bytes)
Event: 50.956 Thread 0x000002005e834740 nmethod 11588 0x00000200473b0b90 code [0x00000200473b0da0, 0x00000200473b1568]
Event: 50.956 Thread 0x000002005e834740 11591       3       sun.security.util.DerInputStream::getOID (8 bytes)
Event: 50.957 Thread 0x000002005e834740 nmethod 11591 0x00000200473b0710 code [0x00000200473b08c0, 0x00000200473b0a58]
Event: 50.958 Thread 0x000002005e834740 11593       3       java.math.MutableBigInteger::<init> (21 bytes)
Event: 50.958 Thread 0x000002005e834740 nmethod 11593 0x00000200473b0290 code [0x00000200473b0420, 0x00000200473b05f8]
Event: 50.960 Thread 0x000002005e834740 11594       3       java.util.regex.Pattern$SliceI::match (96 bytes)
Event: 50.961 Thread 0x000002005e834740 nmethod 11594 0x0000020047723610 code [0x0000020047723800, 0x0000020047723e58]
Event: 50.962 Thread 0x000002005e834740 11595       3       sun.security.util.DerInputStream::<init> (10 bytes)
Event: 50.962 Thread 0x000002005e834740 nmethod 11595 0x0000020047723210 code [0x00000200477233c0, 0x0000020047723508]
Event: 50.962 Thread 0x000002005e834740 11596       3       java.math.MutableBigInteger::divWord (108 bytes)
Event: 50.962 Thread 0x000002005e834740 nmethod 11596 0x0000020047722b90 code [0x0000020047722d40, 0x00000200477230b8]
Event: 50.963 Thread 0x00000200620f1c20 nmethod 11553 0x000002004ee3b490 code [0x000002004ee3b680, 0x000002004ee3be88]
Event: 50.963 Thread 0x00000200620f1c20 11592 %     4       java.math.BigInteger::montReduce @ 9 (99 bytes)
Event: 50.963 Thread 0x000002005e834740 11597       3       java.math.SignedMutableBigInteger::signedSubtract (34 bytes)
Event: 50.963 Thread 0x000002005e834740 nmethod 11597 0x0000020047b5ca90 code [0x0000020047b5cc40, 0x0000020047b5cf38]
Event: 50.969 Thread 0x000002005e834740 11599       3       sun.security.util.SignatureFileVerifier::updateSigners (132 bytes)
Event: 50.970 Thread 0x000002005e834740 nmethod 11599 0x0000020046f7a290 code [0x0000020046f7a540, 0x0000020046f7b6b8]
Event: 50.972 Thread 0x000002005e845740 nmethod 11555 0x000002004e9a7490 code [0x000002004e9a7700, 0x000002004e9a8960]
Event: 50.972 Thread 0x000002005e845740 11598       4       java.util.regex.Pattern$NotBehind::match (137 bytes)

GC Heap History (20 events):
Event: 18.448 GC heap after
{Heap after GC invocations=34 (full 0):
 garbage-first heap   total 125952K, used 70373K [0x0000000080000000, 0x0000000100000000)
  region size 1024K, 5 young (5120K), 5 survivors (5120K)
 Metaspace       used 81679K, committed 82304K, reserved 1122304K
  class space    used 11124K, committed 11392K, reserved 1048576K
}
Event: 19.349 GC heap before
{Heap before GC invocations=34 (full 0):
 garbage-first heap   total 125952K, used 100069K [0x0000000080000000, 0x0000000100000000)
  region size 1024K, 34 young (34816K), 5 survivors (5120K)
 Metaspace       used 83383K, committed 83968K, reserved 1122304K
  class space    used 11468K, committed 11776K, reserved 1048576K
}
Event: 19.363 GC heap after
{Heap after GC invocations=35 (full 0):
 garbage-first heap   total 125952K, used 74396K [0x0000000080000000, 0x0000000100000000)
  region size 1024K, 4 young (4096K), 4 survivors (4096K)
 Metaspace       used 83383K, committed 83968K, reserved 1122304K
  class space    used 11468K, committed 11776K, reserved 1048576K
}
Event: 20.069 GC heap before
{Heap before GC invocations=36 (full 0):
 garbage-first heap   total 132096K, used 101020K [0x0000000080000000, 0x0000000100000000)
  region size 1024K, 30 young (30720K), 4 survivors (4096K)
 Metaspace       used 84200K, committed 84800K, reserved 1130496K
  class space    used 11632K, committed 11904K, reserved 1048576K
}
Event: 20.079 GC heap after
{Heap after GC invocations=37 (full 0):
 garbage-first heap   total 132096K, used 77150K [0x0000000080000000, 0x0000000100000000)
  region size 1024K, 3 young (3072K), 3 survivors (3072K)
 Metaspace       used 84200K, committed 84800K, reserved 1130496K
  class space    used 11632K, committed 11904K, reserved 1048576K
}
Event: 20.131 GC heap before
{Heap before GC invocations=37 (full 0):
 garbage-first heap   total 132096K, used 80222K [0x0000000080000000, 0x0000000100000000)
  region size 1024K, 6 young (6144K), 3 survivors (3072K)
 Metaspace       used 84223K, committed 84800K, reserved 1130496K
  class space    used 11632K, committed 11904K, reserved 1048576K
}
Event: 20.142 GC heap after
{Heap after GC invocations=38 (full 0):
 garbage-first heap   total 158720K, used 77344K [0x0000000080000000, 0x0000000100000000)
  region size 1024K, 1 young (1024K), 1 survivors (1024K)
 Metaspace       used 84223K, committed 84800K, reserved 1130496K
  class space    used 11632K, committed 11904K, reserved 1048576K
}
Event: 21.361 GC heap before
{Heap before GC invocations=38 (full 0):
 garbage-first heap   total 158720K, used 124448K [0x0000000080000000, 0x0000000100000000)
  region size 1024K, 48 young (49152K), 1 survivors (1024K)
 Metaspace       used 84786K, committed 85440K, reserved 1130496K
  class space    used 11668K, committed 11968K, reserved 1048576K
}
Event: 21.369 GC heap after
{Heap after GC invocations=39 (full 0):
 garbage-first heap   total 158720K, used 80407K [0x0000000080000000, 0x0000000100000000)
  region size 1024K, 4 young (4096K), 4 survivors (4096K)
 Metaspace       used 84786K, committed 85440K, reserved 1130496K
  class space    used 11668K, committed 11968K, reserved 1048576K
}
Event: 22.291 GC heap before
{Heap before GC invocations=40 (full 0):
 garbage-first heap   total 158720K, used 126487K [0x0000000080000000, 0x0000000100000000)
  region size 1024K, 50 young (51200K), 4 survivors (4096K)
 Metaspace       used 85325K, committed 85888K, reserved 1130496K
  class space    used 11708K, committed 11968K, reserved 1048576K
}
Event: 22.302 GC heap after
{Heap after GC invocations=41 (full 0):
 garbage-first heap   total 158720K, used 83770K [0x0000000080000000, 0x0000000100000000)
  region size 1024K, 7 young (7168K), 7 survivors (7168K)
 Metaspace       used 85325K, committed 85888K, reserved 1130496K
  class space    used 11708K, committed 11968K, reserved 1048576K
}
Event: 22.312 GC heap before
{Heap before GC invocations=41 (full 0):
 garbage-first heap   total 158720K, used 84794K [0x0000000080000000, 0x0000000100000000)
  region size 1024K, 8 young (8192K), 7 survivors (7168K)
 Metaspace       used 85329K, committed 85952K, reserved 1130496K
  class space    used 11708K, committed 11968K, reserved 1048576K
}
Event: 22.322 GC heap after
{Heap after GC invocations=42 (full 0):
 garbage-first heap   total 158720K, used 83953K [0x0000000080000000, 0x0000000100000000)
  region size 1024K, 1 young (1024K), 1 survivors (1024K)
 Metaspace       used 85329K, committed 85952K, reserved 1130496K
  class space    used 11708K, committed 11968K, reserved 1048576K
}
Event: 22.924 GC heap before
{Heap before GC invocations=42 (full 0):
 garbage-first heap   total 158720K, used 127985K [0x0000000080000000, 0x0000000100000000)
  region size 1024K, 45 young (46080K), 1 survivors (1024K)
 Metaspace       used 85484K, committed 86080K, reserved 1130496K
  class space    used 11712K, committed 11968K, reserved 1048576K
}
Event: 22.932 GC heap after
{Heap after GC invocations=43 (full 0):
 garbage-first heap   total 158720K, used 85598K [0x0000000080000000, 0x0000000100000000)
  region size 1024K, 3 young (3072K), 3 survivors (3072K)
 Metaspace       used 85484K, committed 86080K, reserved 1130496K
  class space    used 11712K, committed 11968K, reserved 1048576K
}
Event: 50.485 GC heap before
{Heap before GC invocations=44 (full 0):
 garbage-first heap   total 162816K, used 130654K [0x0000000080000000, 0x0000000100000000)
  region size 1024K, 47 young (48128K), 3 survivors (3072K)
 Metaspace       used 86565K, committed 87232K, reserved 1130496K
  class space    used 11840K, committed 12160K, reserved 1048576K
}
Event: 50.492 GC heap after
{Heap after GC invocations=45 (full 0):
 garbage-first heap   total 162816K, used 90079K [0x0000000080000000, 0x0000000100000000)
  region size 1024K, 6 young (6144K), 6 survivors (6144K)
 Metaspace       used 86565K, committed 87232K, reserved 1130496K
  class space    used 11840K, committed 12160K, reserved 1048576K
}
Event: 50.502 GC heap before
{Heap before GC invocations=45 (full 0):
 garbage-first heap   total 162816K, used 91103K [0x0000000080000000, 0x0000000100000000)
  region size 1024K, 7 young (7168K), 6 survivors (6144K)
 Metaspace       used 86565K, committed 87232K, reserved 1130496K
  class space    used 11840K, committed 12160K, reserved 1048576K
}
Event: 50.510 GC heap after
{Heap after GC invocations=46 (full 0):
 garbage-first heap   total 162816K, used 89003K [0x0000000080000000, 0x0000000100000000)
  region size 1024K, 1 young (1024K), 1 survivors (1024K)
 Metaspace       used 86565K, committed 87232K, reserved 1130496K
  class space    used 11840K, committed 12160K, reserved 1048576K
}
Event: 50.974 GC heap before
{Heap before GC invocations=46 (full 0):
 garbage-first heap   total 162816K, used 118699K [0x0000000080000000, 0x0000000100000000)
  region size 1024K, 31 young (31744K), 1 survivors (1024K)
 Metaspace       used 91727K, committed 92416K, reserved 1130496K
  class space    used 12468K, committed 12800K, reserved 1048576K
}

Dll operation events (2 events):
Event: 0.008 Loaded shared library C:\Program Files\Android\Android Studio\jbr\bin\java.dll
Event: 0.432 Loaded shared library C:\Program Files\Android\Android Studio\jbr\bin\verify.dll

Deoptimization events (20 events):
Event: 50.960 Thread 0x000002005fd2e7d0 Uncommon trap: trap_request=0xffffffde fr.pc=0x000002004ed29868 relative=0x0000000000000328
Event: 50.960 Thread 0x000002005fd2e7d0 Uncommon trap: reason=class_check action=maybe_recompile pc=0x000002004ed29868 method=java.util.regex.Pattern$NotBehind.match(Ljava/util/regex/Matcher;ILjava/lang/CharSequence;)Z @ 125 c2
Event: 50.960 Thread 0x000002005fd2e7d0 DEOPT PACKING pc=0x000002004ed29868 sp=0x0000001850ef2e60
Event: 50.960 Thread 0x000002005fd2e7d0 DEOPT UNPACKING pc=0x000002004e3ba1a3 sp=0x0000001850ef2dd8 mode 2
Event: 50.960 Thread 0x000002005fd2e7d0 Uncommon trap: trap_request=0xffffffde fr.pc=0x000002004ed29868 relative=0x0000000000000328
Event: 50.960 Thread 0x000002005fd2e7d0 Uncommon trap: reason=class_check action=maybe_recompile pc=0x000002004ed29868 method=java.util.regex.Pattern$NotBehind.match(Ljava/util/regex/Matcher;ILjava/lang/CharSequence;)Z @ 125 c2
Event: 50.960 Thread 0x000002005fd2e7d0 DEOPT PACKING pc=0x000002004ed29868 sp=0x0000001850ef2e60
Event: 50.960 Thread 0x000002005fd2e7d0 DEOPT UNPACKING pc=0x000002004e3ba1a3 sp=0x0000001850ef2dd8 mode 2
Event: 50.960 Thread 0x000002005fd2e7d0 Uncommon trap: trap_request=0xffffffde fr.pc=0x000002004ed29868 relative=0x0000000000000328
Event: 50.960 Thread 0x000002005fd2e7d0 Uncommon trap: reason=class_check action=maybe_recompile pc=0x000002004ed29868 method=java.util.regex.Pattern$NotBehind.match(Ljava/util/regex/Matcher;ILjava/lang/CharSequence;)Z @ 125 c2
Event: 50.960 Thread 0x000002005fd2e7d0 DEOPT PACKING pc=0x000002004ed29868 sp=0x0000001850ef2e60
Event: 50.960 Thread 0x000002005fd2e7d0 DEOPT UNPACKING pc=0x000002004e3ba1a3 sp=0x0000001850ef2dd8 mode 2
Event: 50.960 Thread 0x000002005fd2e7d0 Uncommon trap: trap_request=0xffffffde fr.pc=0x000002004ed29868 relative=0x0000000000000328
Event: 50.960 Thread 0x000002005fd2e7d0 Uncommon trap: reason=class_check action=maybe_recompile pc=0x000002004ed29868 method=java.util.regex.Pattern$NotBehind.match(Ljava/util/regex/Matcher;ILjava/lang/CharSequence;)Z @ 125 c2
Event: 50.960 Thread 0x000002005fd2e7d0 DEOPT PACKING pc=0x000002004ed29868 sp=0x0000001850ef2e60
Event: 50.960 Thread 0x000002005fd2e7d0 DEOPT UNPACKING pc=0x000002004e3ba1a3 sp=0x0000001850ef2dd8 mode 2
Event: 50.969 Thread 0x000002005fd2e7d0 Uncommon trap: trap_request=0xffffff45 fr.pc=0x000002004e95c06c relative=0x0000000000001fac
Event: 50.969 Thread 0x000002005fd2e7d0 Uncommon trap: reason=unstable_if action=reinterpret pc=0x000002004e95c06c method=java.util.jar.JarFile.maybeInstantiateVerifier()V @ 4 c2
Event: 50.969 Thread 0x000002005fd2e7d0 DEOPT PACKING pc=0x000002004e95c06c sp=0x0000001850ef3670
Event: 50.969 Thread 0x000002005fd2e7d0 DEOPT UNPACKING pc=0x000002004e3ba1a3 sp=0x0000001850ef3570 mode 2

Classes unloaded (7 events):
Event: 21.564 Thread 0x000002005dfaa930 Unloading class 0x0000000100b9dc00 'java/lang/invoke/LambdaForm$DMH+0x0000000100b9dc00'
Event: 21.564 Thread 0x000002005dfaa930 Unloading class 0x0000000100b9d800 'java/lang/invoke/LambdaForm$DMH+0x0000000100b9d800'
Event: 21.564 Thread 0x000002005dfaa930 Unloading class 0x0000000100b9d400 'java/lang/invoke/LambdaForm$DMH+0x0000000100b9d400'
Event: 21.564 Thread 0x000002005dfaa930 Unloading class 0x0000000100b9d000 'java/lang/invoke/LambdaForm$DMH+0x0000000100b9d000'
Event: 21.564 Thread 0x000002005dfaa930 Unloading class 0x0000000100b9cc00 'java/lang/invoke/LambdaForm$DMH+0x0000000100b9cc00'
Event: 21.564 Thread 0x000002005dfaa930 Unloading class 0x0000000100b9c800 'java/lang/invoke/LambdaForm$DMH+0x0000000100b9c800'
Event: 21.564 Thread 0x000002005dfaa930 Unloading class 0x0000000100b9c400 'java/lang/invoke/LambdaForm$DMH+0x0000000100b9c400'

Classes redefined (0 events):
No events

Internal exceptions (20 events):
Event: 23.211 Thread 0x000002005fa14ee0 Exception <a 'sun/nio/fs/WindowsException'{0x0000000089c0efe0}> (0x0000000089c0efe0) 
thrown [s\src\hotspot\share\prims\jni.cpp, line 517]
Event: 23.389 Thread 0x000002005fd2e7d0 Exception <a 'sun/nio/fs/WindowsException'{0x0000000088f292d8}> (0x0000000088f292d8) 
thrown [s\src\hotspot\share\prims\jni.cpp, line 517]
Event: 23.389 Thread 0x000002005fd2e7d0 Exception <a 'sun/nio/fs/WindowsException'{0x0000000088f29638}> (0x0000000088f29638) 
thrown [s\src\hotspot\share\prims\jni.cpp, line 517]
Event: 23.389 Thread 0x000002005fd2e7d0 Exception <a 'sun/nio/fs/WindowsException'{0x0000000088f2b4b0}> (0x0000000088f2b4b0) 
thrown [s\src\hotspot\share\prims\jni.cpp, line 517]
Event: 31.934 Thread 0x000002005f768a20 Implicit null exception at 0x000002004e93a8f2 to 0x000002004e93af34
Event: 31.934 Thread 0x000002005f768a20 Implicit null exception at 0x000002004ec7a372 to 0x000002004ec7ab20
Event: 50.183 Thread 0x000002005fd2e7d0 Exception <a 'java/lang/ClassNotFoundException'{0x0000000088739450}: settings_7mn4421jwz0zvrcphrrgibq36BeanInfo> (0x0000000088739450) 
thrown [s\src\hotspot\share\classfile\systemDictionary.cpp, line 256]
Event: 50.183 Thread 0x000002005fd2e7d0 Exception <a 'java/lang/ClassNotFoundException'{0x000000008873fce8}: settings_7mn4421jwz0zvrcphrrgibq36Customizer> (0x000000008873fce8) 
thrown [s\src\hotspot\share\classfile\systemDictionary.cpp, line 256]
Event: 50.197 Thread 0x000002005fd2e7d0 Exception <a 'java/lang/ClassNotFoundException'{0x00000000887e0c58}: settings_7mn4421jwz0zvrcphrrgibq36BeanInfo> (0x00000000887e0c58) 
thrown [s\src\hotspot\share\classfile\systemDictionary.cpp, line 256]
Event: 50.197 Thread 0x000002005fd2e7d0 Exception <a 'java/lang/ClassNotFoundException'{0x00000000887e7490}: settings_7mn4421jwz0zvrcphrrgibq36Customizer> (0x00000000887e7490) 
thrown [s\src\hotspot\share\classfile\systemDictionary.cpp, line 256]
Event: 50.233 Thread 0x000002005fd2e7d0 Exception <a 'java/lang/ClassNotFoundException'{0x000000008853eb50}: build_35mmmzy1zerqmpv590b5sfd55BeanInfo> (0x000000008853eb50) 
thrown [s\src\hotspot\share\classfile\systemDictionary.cpp, line 256]
Event: 50.234 Thread 0x000002005fd2e7d0 Exception <a 'java/lang/ClassNotFoundException'{0x00000000885453d0}: build_35mmmzy1zerqmpv590b5sfd55Customizer> (0x00000000885453d0) 
thrown [s\src\hotspot\share\classfile\systemDictionary.cpp, line 256]
Event: 50.460 Thread 0x000002005fd2e7d0 Exception <a 'java/lang/ClassNotFoundException'{0x00000000875c7878}: build_35mmmzy1zerqmpv590b5sfd55BeanInfo> (0x00000000875c7878) 
thrown [s\src\hotspot\share\classfile\systemDictionary.cpp, line 256]
Event: 50.460 Thread 0x000002005fd2e7d0 Exception <a 'java/lang/ClassNotFoundException'{0x00000000875ce098}: build_35mmmzy1zerqmpv590b5sfd55Customizer> (0x00000000875ce098) 
thrown [s\src\hotspot\share\classfile\systemDictionary.cpp, line 256]
Event: 50.500 Thread 0x000002005fd2e7d0 Exception <a 'java/lang/ClassNotFoundException'{0x0000000089ed6d20}: org/gradle/api/tasks/Delete_DecoratedBeanInfo> (0x0000000089ed6d20) 
thrown [s\src\hotspot\share\classfile\systemDictionary.cpp, line 256]
Event: 50.501 Thread 0x000002005fd2e7d0 Exception <a 'java/lang/ClassNotFoundException'{0x0000000089eeb230}: org/gradle/api/tasks/DeleteBeanInfo> (0x0000000089eeb230) 
thrown [s\src\hotspot\share\classfile\systemDictionary.cpp, line 256]
Event: 50.511 Thread 0x000002005fd2e7d0 Exception <a 'java/lang/ClassNotFoundException'{0x0000000089d00018}: org/gradle/api/tasks/DeleteCustomizer> (0x0000000089d00018) 
thrown [s\src\hotspot\share\classfile\systemDictionary.cpp, line 256]
Event: 50.512 Thread 0x000002005fd2e7d0 Exception <a 'java/lang/ClassNotFoundException'{0x0000000089e28fb0}: org/gradle/api/tasks/Delete_DecoratedCustomizer> (0x0000000089e28fb0) 
thrown [s\src\hotspot\share\classfile\systemDictionary.cpp, line 256]
Event: 50.533 Thread 0x000002005fd2e7d0 Exception <a 'java/lang/ClassNotFoundException'{0x0000000089c0c8a0}: build_2wxshxdv57mljm5wccwtg09hvBeanInfo> (0x0000000089c0c8a0) 
thrown [s\src\hotspot\share\classfile\systemDictionary.cpp, line 256]
Event: 50.534 Thread 0x000002005fd2e7d0 Exception <a 'java/lang/ClassNotFoundException'{0x0000000089c13120}: build_2wxshxdv57mljm5wccwtg09hvCustomizer> (0x0000000089c13120) 
thrown [s\src\hotspot\share\classfile\systemDictionary.cpp, line 256]

VM Operations (20 events):
Event: 23.372 Executing VM operation: HandshakeAllThreads done
Event: 23.431 Executing VM operation: HandshakeAllThreads
Event: 23.431 Executing VM operation: HandshakeAllThreads done
Event: 24.439 Executing VM operation: Cleanup
Event: 24.440 Executing VM operation: Cleanup done
Event: 25.452 Executing VM operation: Cleanup
Event: 25.452 Executing VM operation: Cleanup done
Event: 32.524 Executing VM operation: Cleanup
Event: 32.525 Executing VM operation: Cleanup done
Event: 39.596 Executing VM operation: Cleanup
Event: 39.596 Executing VM operation: Cleanup done
Event: 42.631 Executing VM operation: Cleanup
Event: 42.631 Executing VM operation: Cleanup done
Event: 50.323 Executing VM operation: ICBufferFull
Event: 50.323 Executing VM operation: ICBufferFull done
Event: 50.484 Executing VM operation: G1CollectForAllocation
Event: 50.492 Executing VM operation: G1CollectForAllocation done
Event: 50.501 Executing VM operation: G1CollectForAllocation
Event: 50.511 Executing VM operation: G1CollectForAllocation done
Event: 50.974 Executing VM operation: G1TryInitiateConcMark

Events (20 events):
Event: 50.403 Thread 0x000002005fa16bc0 Thread added: 0x000002005fa16bc0
Event: 50.403 Thread 0x000002005fa17a30 Thread added: 0x000002005fa17a30
Event: 50.404 Thread 0x000002005fa14540 Thread added: 0x000002005fa14540
Event: 50.404 Thread 0x000002005fa17090 Thread added: 0x000002005fa17090
Event: 50.404 Thread 0x000002005fa14070 Thread added: 0x000002005fa14070
Event: 50.404 Thread 0x000002005f7693c0 Thread added: 0x000002005f7693c0
Event: 50.405 Thread 0x000002005f768550 Thread added: 0x000002005f768550
Event: 50.405 Thread 0x0000020065b3c870 Thread added: 0x0000020065b3c870
Event: 50.405 Thread 0x0000020065b410a0 Thread added: 0x0000020065b410a0
Event: 50.405 Thread 0x0000020065b3f3c0 Thread added: 0x0000020065b3f3c0
Event: 50.405 Thread 0x0000020065b3f890 Thread added: 0x0000020065b3f890
Event: 50.405 Thread 0x0000020065b3d6e0 Thread added: 0x0000020065b3d6e0
Event: 50.405 Thread 0x0000020065b3b530 Thread added: 0x0000020065b3b530
Event: 50.406 Thread 0x0000020065b3a6c0 Thread added: 0x0000020065b3a6c0
Event: 50.406 Thread 0x0000020065b3ba00 Thread added: 0x0000020065b3ba00
Event: 50.408 Thread 0x0000020065b3ea20 Thread added: 0x0000020065b3ea20
Event: 50.408 Thread 0x0000020065b39d20 Thread added: 0x0000020065b39d20
Event: 50.409 Thread 0x0000020065b3c3a0 Thread added: 0x0000020065b3c3a0
Event: 50.409 Thread 0x0000020065b3cd40 Thread added: 0x0000020065b3cd40
Event: 50.766 Thread 0x0000020065b3eef0 Thread added: 0x0000020065b3eef0


Dynamic libraries:
0x00007ff6c3f80000 - 0x00007ff6c3f8a000 	C:\Program Files\Android\Android Studio\jbr\bin\java.exe
0x00007ff8f70d0000 - 0x00007ff8f72e4000 	C:\WINDOWS\SYSTEM32\ntdll.dll
0x00007ff8f6100000 - 0x00007ff8f61c2000 	C:\WINDOWS\System32\KERNEL32.DLL
0x00007ff8f48b0000 - 0x00007ff8f4c53000 	C:\WINDOWS\System32\KERNELBASE.dll
0x00007ff8f4c90000 - 0x00007ff8f4da1000 	C:\WINDOWS\System32\ucrtbase.dll
0x00007ff8d0240000 - 0x00007ff8d025b000 	C:\Program Files\Android\Android Studio\jbr\bin\VCRUNTIME140.dll
0x00007ff8e5260000 - 0x00007ff8e5277000 	C:\Program Files\Android\Android Studio\jbr\bin\jli.dll
0x00007ff8f5580000 - 0x00007ff8f572b000 	C:\WINDOWS\System32\USER32.dll
0x00007ff8da300000 - 0x00007ff8da58e000 	C:\WINDOWS\WinSxS\amd64_microsoft.windows.common-controls_6595b64144ccf1df_6.0.22621.1635_none_270f70857386168e\COMCTL32.dll
0x00007ff8f4c60000 - 0x00007ff8f4c86000 	C:\WINDOWS\System32\win32u.dll
0x00007ff8f6610000 - 0x00007ff8f66b7000 	C:\WINDOWS\System32\msvcrt.dll
0x00007ff8f5cf0000 - 0x00007ff8f5d19000 	C:\WINDOWS\System32\GDI32.dll
0x00007ff8f44f0000 - 0x00007ff8f4608000 	C:\WINDOWS\System32\gdi32full.dll
0x00007ff8f4db0000 - 0x00007ff8f4e4a000 	C:\WINDOWS\System32\msvcp_win.dll
0x00007ff8f5e10000 - 0x00007ff8f5e41000 	C:\WINDOWS\System32\IMM32.DLL
0x00007ff8f1310000 - 0x00007ff8f131c000 	C:\Program Files\Android\Android Studio\jbr\bin\vcruntime140_1.dll
0x00007ff8ba740000 - 0x00007ff8ba7cd000 	C:\Program Files\Android\Android Studio\jbr\bin\msvcp140.dll
0x00007ff891af0000 - 0x00007ff89275d000 	C:\Program Files\Android\Android Studio\jbr\bin\server\jvm.dll
0x00007ff8f6fe0000 - 0x00007ff8f708e000 	C:\WINDOWS\System32\ADVAPI32.dll
0x00007ff8f61d0000 - 0x00007ff8f6274000 	C:\WINDOWS\System32\sechost.dll
0x00007ff8f4ee0000 - 0x00007ff8f4ff7000 	C:\WINDOWS\System32\RPCRT4.dll
0x00007ff8e5570000 - 0x00007ff8e5579000 	C:\WINDOWS\SYSTEM32\WSOCK32.dll
0x00007ff8eb350000 - 0x00007ff8eb35a000 	C:\WINDOWS\SYSTEM32\VERSION.dll
0x00007ff8e5500000 - 0x00007ff8e5534000 	C:\WINDOWS\SYSTEM32\WINMM.dll
0x00007ff8f51c0000 - 0x00007ff8f5231000 	C:\WINDOWS\System32\WS2_32.dll
0x00007ff8f3630000 - 0x00007ff8f3648000 	C:\WINDOWS\SYSTEM32\kernel.appcore.dll
0x00007ff8e5550000 - 0x00007ff8e555a000 	C:\Program Files\Android\Android Studio\jbr\bin\jimage.dll
0x00007ff8f1e00000 - 0x00007ff8f202e000 	C:\WINDOWS\SYSTEM32\DBGHELP.DLL
0x00007ff8f6280000 - 0x00007ff8f6609000 	C:\WINDOWS\System32\combase.dll
0x00007ff8f6000000 - 0x00007ff8f60d7000 	C:\WINDOWS\System32\OLEAUT32.dll
0x00007ff8df7d0000 - 0x00007ff8df802000 	C:\WINDOWS\SYSTEM32\dbgcore.DLL
0x00007ff8f4e50000 - 0x00007ff8f4ecb000 	C:\WINDOWS\System32\bcryptPrimitives.dll
0x00007ff8d8440000 - 0x00007ff8d8465000 	C:\Program Files\Android\Android Studio\jbr\bin\java.dll
0x00007ff8d8420000 - 0x00007ff8d8438000 	C:\Program Files\Android\Android Studio\jbr\bin\zip.dll
0x00007ff8f66c0000 - 0x00007ff8f6eba000 	C:\WINDOWS\System32\SHELL32.dll
0x00007ff8f2500000 - 0x00007ff8f2dce000 	C:\WINDOWS\SYSTEM32\windows.storage.dll
0x00007ff8f23c0000 - 0x00007ff8f24fe000 	C:\WINDOWS\SYSTEM32\wintypes.dll
0x00007ff8f5350000 - 0x00007ff8f5441000 	C:\WINDOWS\System32\SHCORE.dll
0x00007ff8f5c90000 - 0x00007ff8f5cee000 	C:\WINDOWS\System32\shlwapi.dll
0x00007ff8f4420000 - 0x00007ff8f4441000 	C:\WINDOWS\SYSTEM32\profapi.dll
0x00007ff8d8400000 - 0x00007ff8d8419000 	C:\Program Files\Android\Android Studio\jbr\bin\net.dll
0x00007ff8ecdd0000 - 0x00007ff8ecf07000 	C:\WINDOWS\SYSTEM32\WINHTTP.dll
0x00007ff8f3aa0000 - 0x00007ff8f3b09000 	C:\WINDOWS\system32\mswsock.dll
0x00007ff8d26c0000 - 0x00007ff8d26d6000 	C:\Program Files\Android\Android Studio\jbr\bin\nio.dll
0x00007ff8d25e0000 - 0x00007ff8d25f0000 	C:\Program Files\Android\Android Studio\jbr\bin\verify.dll
0x00007ff8f0d00000 - 0x00007ff8f0d27000 	C:\Users\rosse\.gradle\native\68d5fa5c4cc2d200863cafc0d521ce42e7d3e7ee720ec0a83991735586a16f82\windows-amd64\native-platform.dll
0x00007ff8b3c50000 - 0x00007ff8b3d94000 	C:\Users\rosse\.gradle\native\e376f236ea51e6404a007f0833ffe2c6e607c4080706a723a18a27aeea778392\windows-amd64\native-platform-file-events.dll
0x00007ff8e5540000 - 0x00007ff8e5549000 	C:\Program Files\Android\Android Studio\jbr\bin\management.dll
0x00007ff8d83f0000 - 0x00007ff8d83fb000 	C:\Program Files\Android\Android Studio\jbr\bin\management_ext.dll
0x00007ff8f5ff0000 - 0x00007ff8f5ff8000 	C:\WINDOWS\System32\PSAPI.DLL
0x00007ff8f3d00000 - 0x00007ff8f3d1b000 	C:\WINDOWS\SYSTEM32\CRYPTSP.dll
0x00007ff8f35a0000 - 0x00007ff8f35d5000 	C:\WINDOWS\system32\rsaenh.dll
0x00007ff8f3ba0000 - 0x00007ff8f3bc8000 	C:\WINDOWS\SYSTEM32\USERENV.dll
0x00007ff8f3ec0000 - 0x00007ff8f3ee8000 	C:\WINDOWS\SYSTEM32\bcrypt.dll
0x00007ff8f3d20000 - 0x00007ff8f3d2c000 	C:\WINDOWS\SYSTEM32\CRYPTBASE.dll
0x00007ff8f30a0000 - 0x00007ff8f30cd000 	C:\WINDOWS\SYSTEM32\IPHLPAPI.DLL
0x00007ff8f5570000 - 0x00007ff8f5579000 	C:\WINDOWS\System32\NSI.dll
0x00007ff8eccb0000 - 0x00007ff8eccc9000 	C:\WINDOWS\SYSTEM32\dhcpcsvc6.DLL
0x00007ff8ecc90000 - 0x00007ff8eccaf000 	C:\WINDOWS\SYSTEM32\dhcpcsvc.DLL
0x00007ff8f3110000 - 0x00007ff8f3203000 	C:\WINDOWS\SYSTEM32\DNSAPI.dll
0x00007ff8e4600000 - 0x00007ff8e4608000 	C:\WINDOWS\system32\wshunix.dll

dbghelp: loaded successfully - version: 4.0.5 - missing functions: none
symbol engine: initialized successfully - sym options: 0x614 - pdb path: .;C:\Program Files\Android\Android Studio\jbr\bin;C:\WINDOWS\SYSTEM32;C:\WINDOWS\WinSxS\amd64_microsoft.windows.common-controls_6595b64144ccf1df_6.0.22621.1635_none_270f70857386168e;C:\Program Files\Android\Android Studio\jbr\bin\server;C:\Users\rosse\.gradle\native\68d5fa5c4cc2d200863cafc0d521ce42e7d3e7ee720ec0a83991735586a16f82\windows-amd64;C:\Users\rosse\.gradle\native\e376f236ea51e6404a007f0833ffe2c6e607c4080706a723a18a27aeea778392\windows-amd64

VM Arguments:
jvm_args: --add-opens=java.base/java.util=ALL-UNNAMED --add-opens=java.base/java.lang=ALL-UNNAMED --add-opens=java.base/java.lang.invoke=ALL-UNNAMED --add-opens=java.prefs/java.util.prefs=ALL-UNNAMED --add-opens=java.base/java.nio.charset=ALL-UNNAMED --add-opens=java.base/java.net=ALL-UNNAMED --add-opens=java.base/java.util.concurrent.atomic=ALL-UNNAMED -Xmx2048m -Dfile.encoding=UTF-8 -Duser.country=BR -Duser.language=pt -Duser.variant 
java_command: org.gradle.launcher.daemon.bootstrap.GradleDaemon 8.0
java_class_path (initial): C:\Users\rosse\.gradle\wrapper\dists\gradle-8.0-bin\ca5e32bp14vu59qr306oxotwh\gradle-8.0\lib\gradle-launcher-8.0.jar
Launcher Type: SUN_STANDARD

[Global flags]
     intx CICompilerCount                          = 4                                         {product} {ergonomic}
     uint ConcGCThreads                            = 2                                         {product} {ergonomic}
     uint G1ConcRefinementThreads                  = 8                                         {product} {ergonomic}
   size_t G1HeapRegionSize                         = 1048576                                   {product} {ergonomic}
    uintx GCDrainStackTargetSize                   = 64                                        {product} {ergonomic}
   size_t InitialHeapSize                          = 132120576                                 {product} {ergonomic}
   size_t MarkStackSize                            = 4194304                                   {product} {ergonomic}
   size_t MaxHeapSize                              = 2147483648                                {product} {command line}
   size_t MaxNewSize                               = 1287651328                                {product} {ergonomic}
   size_t MinHeapDeltaBytes                        = 1048576                                   {product} {ergonomic}
   size_t MinHeapSize                              = 8388608                                   {product} {ergonomic}
    uintx NonNMethodCodeHeapSize                   = 5839372                                {pd product} {ergonomic}
    uintx NonProfiledCodeHeapSize                  = 122909434                              {pd product} {ergonomic}
    uintx ProfiledCodeHeapSize                     = 122909434                              {pd product} {ergonomic}
    uintx ReservedCodeCacheSize                    = 251658240                              {pd product} {ergonomic}
     bool SegmentedCodeCache                       = true                                      {product} {ergonomic}
   size_t SoftMaxHeapSize                          = 2147483648                             {manageable} {ergonomic}
     bool UseCompressedClassPointers               = true                           {product lp64_product} {ergonomic}
     bool UseCompressedOops                        = true                           {product lp64_product} {ergonomic}
     bool UseG1GC                                  = true                                      {product} {ergonomic}
     bool UseLargePagesIndividualAllocation        = false                                  {pd product} {ergonomic}

Logging:
Log output configuration:
 #0: stdout all=warning uptime,level,tags
 #1: stderr all=off uptime,level,tags

Environment Variables:
PATH=C:\Program Files\Common Files\Oracle\Java\javapath;C:\WINDOWS\system32;C:\WINDOWS;C:\WINDOWS\System32\Wbem;C:\WINDOWS\System32\WindowsPowerShell\v1.0\;C:\WINDOWS\System32\OpenSSH\;C:\TDM-GCC-64\bin;C:\Program Files\nodejs\;C:\Program Files\Git\cmd;C:\Program Files\dotnet\;C:\Windows\Microsoft.NET\Framework64\v4.0.30319;C:\Users\rosse\AppData\Local\Programs\Python\Python310\Scripts\;C:\Users\rosse\AppData\Local\Programs\Python\Python310\;C:\Users\rosse\AppData\Local\Microsoft\WindowsApps;C:\Users\rosse\AppData\Local\Programs\Microsoft VS Code\bin;C:\Users\rosse\AppData\Roaming\npm;C:\Users\rosse\AppData\Local\GitHubDesktop\bin;C:\Users\rosse\.dotnet\tools;;C:\intelFPGA\18.1\modelsim_ase\win32aloem;C:\intelFPGA\22.1std\questa_fse\win64
USERNAME=rosse
OS=Windows_NT
PROCESSOR_IDENTIFIER=Intel64 Family 6 Model 126 Stepping 5, GenuineIntel
TMP=C:\Users\rosse\AppData\Local\Temp
TEMP=C:\Users\rosse\AppData\Local\Temp



---------------  S Y S T E M  ---------------

OS:
 Windows 11 , 64 bit Build 22621 (10.0.22621.1635)
OS uptime: 8 days 22:23 hours

CPU: total 8 (initial active 8) (4 cores per cpu, 2 threads per core) family 6 model 126 stepping 5 microcode 0x96, cx8, cmov, fxsr, ht, mmx, 3dnowpref, sse, sse2, sse3, ssse3, sse4.1, sse4.2, popcnt, lzcnt, tsc, tscinvbit, avx, avx2, aes, erms, clmul, bmi1, bmi2, adx, avx512f, avx512dq, avx512cd, avx512bw, avx512vl, sha, fma, vzeroupper, avx512_vpopcntdq, avx512_vpclmulqdq, avx512_vaes, avx512_vnni, clflush, clflushopt, avx512_vbmi2, avx512_vbmi

Memory: 4k page, system-wide physical 7959M (410M free)
TotalPageFile size 32535M (AvailPageFile size 320M)
current process WorkingSet (physical memory assigned to process): 403M, peak: 410M
current process commit charge ("private bytes"): 439M, peak: 757M

vm_info: OpenJDK 64-Bit Server VM (17.0.6+0-b2043.56-9586694) for windows-amd64 JRE (17.0.6+0-b2043.56-9586694), built on Feb  9 2023 20:06:20 by "androidbuild" with MS VC++ 16.10 / 16.11 (VS2019)

END.
